2025-04-07 01:25:07,692 - backtesting_debug - INFO - Added current directory to sys.path: /home/vijji/advanced_fld_cycles/fib_cycles_system
2025-04-07 01:25:07,692 - backtesting_debug - INFO - Python path: ['/home/vijji/advanced_fld_cycles/fib_cycles_system', '/home/vijji/advanced_fld_cycles/fib_cycles_system', '/home/vijji/miniconda3/envs/fib_cycles/lib/python39.zip', '/home/vijji/miniconda3/envs/fib_cycles/lib/python3.9', '/home/vijji/miniconda3/envs/fib_cycles/lib/python3.9/lib-dynload', '/home/vijji/miniconda3/envs/fib_cycles/lib/python3.9/site-packages']
2025-04-07 01:25:07,692 - backtesting_debug - INFO - Checking for backtesting modules...
2025-04-07 01:25:08,121 - matplotlib - DEBUG - matplotlib data path: /home/vijji/miniconda3/envs/fib_cycles/lib/python3.9/site-packages/matplotlib/mpl-data
2025-04-07 01:25:08,125 - matplotlib - DEBUG - CONFIGDIR=/home/vijji/.config/matplotlib
2025-04-07 01:25:08,126 - matplotlib - DEBUG - interactive is False
2025-04-07 01:25:08,126 - matplotlib - DEBUG - platform is linux
2025-04-07 01:25:08,165 - matplotlib - DEBUG - CACHEDIR=/home/vijji/.cache/matplotlib
2025-04-07 01:25:08,166 - matplotlib.font_manager - DEBUG - Using 2025-04-07 01:25:08,387 - matplotlib.pyplot - DEBUG - Loaded backend Agg ve2025-04-07 01:25:08,788 - matplotlib.pyplot - DEBUG - Loaded backend Agg version v2.2.
2025-04-07 01:25:08,792 - backtesting_debug - INFO - Successfully imported backtesting framework
2025-04-07 01:25:08,793 - back2025-04-07 01:25:08,839 - backtesting_debug - INFO - Successfully imported 2025-04-07 01:25:09,043 - backtesting_debug - INFO - Successfully imported backtest_ui components
2025-04-07 01:25:09,043 - backtesting_debug - INFO - Importing main_dashboard...
2025-04-07 01:25:09,077 - main_dashboard - INFO - Loaded visualization modules: cycle_visualization, fld_visualization, harmonic_visualization, scanner_dashboard, trading_strategies_ui
2025-04-07 01:25:09,078 - backtesting_debug - INFO - Running dashboard on port 8050...
2025-04-07 01:25:09,079 - urllib3.connectio2025-04-07 01:25:09,181 - urllib3.connectionpool - DEBUG - https://www.trad2025-04-07 01:25:09,372 - urllib3.connectionpool - DEBUG - https://www.tradingview.com:443 "POST /accounts/signin/ HTTP/1.1" 200 108
2025-04-07 01:25:09,373 - tvDatafeed.main - ERROR - error while signin
2025-04-07 01:25:09,373 - tvDatafeed.main - WARNING - you are using nologin method, data you access may be limited
2025-04-07 01:25:09,373 - data.data_management - INFO - TradingView data source initialized
2025-04-07 01:25:09,373 - data.data_management - INFO - Yahoo Finance data source initialized
2025-04-07 01:25:09,386 - main_dashboard - INFO - Registering backtesting callbacks
2025-04-07 01:25:12,037 - web.backtest_ui - INFO - Processing stored backtest results: ['results_ready', 'symbol', 'exchange', 'interval', 'start_date', 'end_date', 'placeholder']
2025-04-07 01:25:12,037 - web.backtest_ui - INFO - Using placeholder backtest results UI
2025-04-07 01:25:12,038 - web.backtest_ui - INFO - Backtest results received: placeholder=True, symbol=NIFTY
2025-04-07 01:25:12,038 - web.backtest_ui - INFO - Result keys: ['results_ready', 'symbol', 'exchange', 'interval', 'start_date', 'end_date', 'placeholder']
2025-04-07 01:25:18,059 - main_dashboard - INFO - Scanning NIFTY with ScanParameters(symbol='NIFTY', exchange='NSE', interval='daily', lookback=1000, num_cycles=3, price_source='close', generate_chart=True, custom_data=None)
2025-04-07 01:25:18,059 - core.scanner_system - INFO - Analyzing NIFTY on NSE with daily interval
2025-04-07 01:25:18,065 - data.data_management - INFO - Retrieved 1000 rows from cache for NIFTY
2025-04-07 01:25:18,065 - data.data_management - INFO - Using cached data for NIFTY (daily)
2025-04-07 01:25:18,066 - core.scanner_system - INFO - Successfully fetched 1000 bars of NIFTY data
2025-04-07 01:25:18,067 - core.scanner_system - INFO - Detected cycles for NIFTY: [55, 34, 21]
2025-04-07 01:25:18,089 - core.fld_signal_generator - DEBUG - Calculating combined strength for 3 cycle states
2025-04-07 01:25:18,089 - core.fld_signal_generator - DEBUG - Bearish crossover detected for cycle 55, bonus: -1.00
2025-04-07 01:25:18,089 - core.fld_signal_generator - DEBUG - Cycle 55: direction=-1.0, weight=0.06, contribution=-0.00
2025-04-07 01:25:18,089 - core.fld_signal_generator - DEBUG - Bearish crossover detected for cycle 34, bonus: -1.00
2025-04-07 01:25:18,089 - core.fld_signal_generator - DEBUG - Cycle 34: direction=-1.0, weight=0.03, contribution=-0.00
2025-04-07 01:25:18,089 - core.fld_signal_generator - DEBUG - Bearish crossover detected for cycle 21, bonus: -0.80
2025-04-07 01:25:18,089 - core.fld_signal_generator - DEBUG - Cycle 21: direction=-1.0, weight=0.02, contribution=-0.00
2025-04-07 01:25:18,089 - core.fld_signal_generator - DEBUG - Cycle balance: 0 bullish, 3 bearish cycles
2025-04-07 01:25:18,089 - core.fld_signal_generator - DEBUG - Final combined strength: -0.0382 (weighted_sum=-0.00, total_weight=0.11)
2025-04-07 01:25:18,089 - core.fld_signal_generator - DEBUG - Determining signal: strength=-0.0382, alignment=1.0000
2025-04-07 01:25:18,089 - core.fld_signal_generator - DEBUG - Final signal: {'signal': 'neutral', 'strength': -0.03818181818181818, 'alignment': 1.0, 'confidence': 'low', 'direction': 'neutral'}
2025-04-07 01:25:18,089 - core.fld_signal_generator - DEBUG - Generating position guidance for neutral signal: neutral, strength=-0.0382
2025-04-07 01:25:18,090 - core.fld_signal_generator - DEBUG - NEUTRAL signal - no tradable position
2025-04-07 01:25:18,090 - core.fld_signal_generator - DEBUG - Position guidance complete: R:R = 1:2.00, Size=0.50
2025-04-07 01:25:18,092 - matplotlib.font_manager - DEBUG - findfont: Matching sans\-serif:style=normal:variant=normal:weight=normal:stretch=normal:size=10.0.
2025-04-07 01:25:18,092 - matplotlib.font_manager - DEBUG - findfont: score(FontEntry(fname='/home/vijji/miniconda3/envs/fib_cycles/lib/python3.9/site-packages/matplotlib/mpl-data/fonts/ttf/DejaVuSansMono.ttf', name='DejaVu Sans Mono', style='normal', variant='normal', weight=400, stretch='normal', size='scalable')) = 10.05
2025-04-07 01:25:18,092 - matplotlib.font_manager - DEBUG - findfont: score(FontEntry(fname='/home/vijji/miniconda3/envs/fib_cycles/lib/python3.9/site-packages/matplotlib/mpl-data/fonts/ttf/DejaVuSerif-Bold.ttf', name='DejaVu Serif', style='normal', variant='normal', weight=700, stretch='normal', size='scalable')) = 10.335
2025-04-07 01:25:18,092 - matplotlib.font_manager - DEBUG - findfont: score(FontEntry(fname='/home/vijji/miniconda3/envs/fib_cycles/lib/python3.9/site-packages/matplotlib/mpl-data/fonts/ttf/STIXSizFiveSymReg.ttf', name='STIXSizeFiveSym', style='normal', variant='normal', weight=400, stretch='normal', size='scalable')) = 10.05
2025-04-07 01:25:18,092 - matplotlib.font_manager - DEBUG - findfont: score(FontEntry(fname='/home/vijji/miniconda3/envs/fib_cycles/lib/python3.9/site-packages/matplotlib/mpl-data/fonts/ttf/STIXNonUni.ttf', name='STIXNonUnicode', style='normal', variant='normal', weight=400, stretch='normal', size='scalable')) = 10.05
2025-04-07 01:25:18,092 - matplotlib.font_manager - DEBUG - findfont: score(FontEntry(fname='/home/vijji/miniconda3/envs/fib_cycles/lib/python3.9/site-packages/matplotlib/mpl-data/fonts/ttf/cmr10.ttf', name='cmr10', style='normal', variant='normal', weight=400, stretch='normal', size='scalable')) = 10.05
2025-04-07 01:25:18,092 - matplotlib.font_manager - DEBUG - findfont: score(FontEntry(fname='/home/vijji/miniconda3/envs/fib_cycles/lib/python3.9/site-packages/matplotlib/mpl-data/fonts/ttf/cmmi10.ttf', name='cmmi10', style='normal', variant='normal', weight=400, stretch='normal', size='scalable')) = 10.05
2025-04-07 01:25:18,092 - matplotlib.font_manager - DEBUG - findfont: score(FontEntry(fname='/home/vijji/miniconda3/envs/fib_cycles/lib/python3.9/site-packages/matplotlib/mpl-data/fonts/ttf/DejaVuSerifDisplay.ttf', name='DejaVu Serif Display', style='normal', variant='normal', weight=400, stretch='normal', size='scalable')) = 10.05
2025-04-07 01:25:18,093 - matplotlib.font_manager - DEBUG - findfont: score(FontEntry(fname='/home/vijji/miniconda3/envs/fib_cycles/lib/python3.9/site-packages/matplotlib/mpl-data/fonts/ttf/DejaVuSerif-BoldItalic.ttf', name='DejaVu Serif', style='italic', variant='normal', weight=700, stretch='normal', size='scalable')) = 11.335
2025-04-07 01:25:18,093 - matplotlib.font_manager - DEBUG - findfont: score(FontEntry(fname='/home/vijji/miniconda3/envs/fib_cycles/lib/python3.9/site-packages/matplotlib/mpl-data/fonts/ttf/cmex10.ttf', name='cmex10', style='normal', variant='normal', weight=400, stretch='normal', size='scalable')) = 10.05
2025-04-07 01:25:18,093 - matplotlib.font_manager - DEBUG - findfont: score(FontEntry(fname='/home/vijji/miniconda3/envs/fib_cycles/lib/python3.9/site-packages/matplotlib/mpl-data/fonts/ttf/STIXSizThreeSymReg.ttf', name='STIXSizeThreeSym', style='normal', variant='normal', weight=400, stretch='normal', size='scalable')) = 10.05
2025-04-07 01:25:18,093 - matplotlib.font_manager - DEBUG - findfont: score(FontEntry(fname='/home/vijji/miniconda3/envs/fib_cycles/lib/python3.9/site-packages/matplotlib/mpl-data/fonts/ttf/STIXSizFourSymBol.ttf', name='STIXSizeFourSym', style='normal', variant='normal', weight=700, stretch='normal', size='scalable')) = 10.335
2025-04-07 01:25:18,093 - matplotlib.font_manager - DEBUG - findfont: score(FontEntry(fname='/home/vijji/miniconda3/envs/fib_cycles/lib/python3.9/site-packages/matplotlib/mpl-data/fonts/ttf/STIXGeneral.ttf', name='STIXGeneral', style='normal', variant='normal', weight=400, stretch='normal', size='scalable')) = 10.05
2025-04-07 01:25:18,093 - matplotlib.font_manager - DEBUG - findfont: score(FontEntry(fname='/home/vijji/miniconda3/envs/fib_cycles/lib/python3.9/site-packages/matplotlib/mpl-data/fonts/ttf/DejaVuSans-Bold.ttf', name='DejaVu Sans', style='normal', variant='normal', weight=700, stretch='normal', size='scalable')) = 0.33499999999999996
2025-04-07 01:25:18,093 - matplotlib.font_manager - DEBUG - findfont: score(FontEntry(fname='/home/vijji/miniconda3/envs/fib_cycles/lib/python3.9/site-packages/matplotlib/mpl-data/fonts/ttf/DejaVuSans.ttf', name='DejaVu Sans', style='normal', variant='normal', weight=400, stretch='normal', size='scalable')) = 0.05
2025-04-07 01:25:18,093 - matplotlib.font_manager - DEBUG - findfont: score(FontEntry(fname='/home/vijji/miniconda3/envs/fib_cycles/lib/python3.9/site-packages/matplotlib/mpl-data/fonts/ttf/STIXSizOneSymBol.ttf', name='STIXSizeOneSym', style='normal', variant='normal', weight=700, stretch='normal', size='scalable')) = 10.335
2025-04-07 01:25:18,093 - matplotlib.font_manager - DEBUG - findfont: score(FontEntry(fname='/home/vijji/miniconda3/envs/fib_cycles/lib/python3.9/site-packages/matplotlib/mpl-data/fonts/ttf/STIXNonUniIta.ttf', name='STIXNonUnicode', style='italic', variant='normal', weight=400, stretch='normal', size='scalable')) = 11.05
2025-04-07 01:25:18,093 - matplotlib.font_manager - DEBUG - findfont: score(FontEntry(fname='/home/vijji/miniconda3/envs/fib_cycles/lib/python3.9/site-packages/matplotlib/mpl-data/fonts/ttf/STIXSizFourSymReg.ttf', name='STIXSizeFourSym', style='normal', variant='normal', weight=400, stretch='normal', size='scalable')) = 10.05
2025-04-07 01:25:18,093 - matplotlib.font_manager - DEBUG - findfont: score(FontEntry(fname='/home/vijji/miniconda3/envs/fib_cycles/lib/python3.9/site-packages/matplotlib/mpl-data/fonts/ttf/STIXGeneralItalic.ttf', name='STIXGeneral', style='italic', variant='normal', weight=400, stretch='normal', size='scalable')) = 11.05
2025-04-07 01:25:18,093 - matplotlib.font_manager - DEBUG - findfont: score(FontEntry(fname='/home/vijji/miniconda3/envs/fib_cycles/lib/python3.9/site-packages/matplotlib/mpl-data/fonts/ttf/cmb10.ttf', name='cmb10', style='normal', variant='normal', weight=400, stretch='normal', size='scalable')) = 10.05
2025-04-07 01:25:18,093 - matplotlib.font_manager - DEBUG - findfont: score(FontEntry(fname='/home/vijji/miniconda3/envs/fib_cycles/lib/python3.9/site-packages/matplotlib/mpl-data/fonts/ttf/DejaVuSansMono-Oblique.ttf', name='DejaVu Sans Mono', style='oblique', variant='normal', weight=400, stretch='normal', size='scalable')) = 11.05
2025-04-07 01:25:18,093 - matplotlib.font_manager - DEBUG - findfont: score(FontEntry(fname='/home/vijji/miniconda3/envs/fib_cycles/lib/python3.9/site-packages/matplotlib/mpl-data/fonts/ttf/DejaVuSans-BoldOblique.ttf', name='DejaVu Sans', style='oblique', variant='normal', weight=700, stretch='normal', size='scalable')) = 1.335
2025-04-07 01:25:18,094 - matplotlib.font_manager - DEBUG - findfont: score(FontEntry(fname='/home/vijji/miniconda3/envs/fib_cycles/lib/python3.9/site-packages/matplotlib/mpl-data/fonts/ttf/DejaVuSans-Oblique.ttf', name='DejaVu Sans', style='oblique', variant='normal', weight=400, stretch='normal', size='scalable')) = 1.05
2025-04-07 01:25:18,094 - matplotlib.font_manager - DEBUG - findfont: score(FontEntry(fname='/home/vijji/miniconda3/envs/fib_cycles/lib/python3.9/site-packages/matplotlib/mpl-data/fonts/ttf/cmss10.ttf', name='cmss10', style='normal', variant='normal', weight=400, stretch='normal', size='scalable')) = 10.05
2025-04-07 01:25:18,094 - matplotlib.font_manager - DEBUG - findfont: score(FontEntry(fname='/home/vijji/miniconda3/envs/fib_cycles/lib/python3.9/site-packages/matplotlib/mpl-data/fonts/ttf/STIXGeneralBol.ttf', name='STIXGeneral', style='normal', variant='normal', weight=700, stretch='normal', size='scalable')) = 10.335
2025-04-07 01:25:18,094 - matplotlib.font_manager - DEBUG - findfont: score(FontEntry(fname='/home/vijji/miniconda3/envs/fib_cycles/lib/python3.9/site-packages/matplotlib/mpl-data/fonts/ttf/DejaVuSansMono-Bold.ttf', name='DejaVu Sans Mono', style='normal', variant='normal', weight=700, stretch='normal', size='scalable')) = 10.335
2025-04-07 01:25:18,094 - matplotlib.font_manager - DEBUG - findfont: score(FontEntry(fname='/home/vijji/miniconda3/envs/fib_cycles/lib/python3.9/site-packages/matplotlib/mpl-data/fonts/ttf/STIXGeneralBolIta.ttf', name='STIXGeneral', style='italic', variant='normal', weight=700, stretch='normal', size='scalable')) = 11.335
2025-04-07 01:25:18,094 - matplotlib.font_manager - DEBUG - findfont: score(FontEntry(fname='/home/vijji/miniconda3/envs/fib_cycles/lib/python3.9/site-packages/matplotlib/mpl-data/fonts/ttf/STIXNonUniBol.ttf', name='STIXNonUnicode', style='normal', variant='normal', weight=700, stretch='normal', size='scalable')) = 10.335
2025-04-07 01:25:18,094 - matplotlib.font_manager - DEBUG - findfont: score(FontEntry(fname='/home/vijji/miniconda3/envs/fib_cycles/lib/python3.9/site-packages/matplotlib/mpl-data/fonts/ttf/STIXNonUniBolIta.ttf', name='STIXNonUnicode', style='italic', variant='normal', weight=700, stretch='normal', size='scalable')) = 11.335
2025-04-07 01:25:18,094 - matplotlib.font_manager - DEBUG - findfont: score(FontEntry(fname='/home/vijji/miniconda3/envs/fib_cycles/lib/python3.9/site-packages/matplotlib/mpl-data/fonts/ttf/STIXSizTwoSymReg.ttf', name='STIXSizeTwoSym', style='normal', variant='normal', weight=400, stretch='normal', size='scalable')) = 10.05
2025-04-07 01:25:18,094 - matplotlib.font_manager - DEBUG - findfont: score(FontEntry(fname='/home/vijji/miniconda3/envs/fib_cycles/lib/python3.9/site-packages/matplotlib/mpl-data/fonts/ttf/DejaVuSansDisplay.ttf', name='DejaVu Sans Display', style='normal', variant='normal', weight=400, stretch='normal', size='scalable')) = 10.05
2025-04-07 01:25:18,094 - matplotlib.font_manager - DEBUG - findfont: score(FontEntry(fname='/home/vijji/miniconda3/envs/fib_cycles/lib/python3.9/site-packages/matplotlib/mpl-data/fonts/ttf/cmtt10.ttf', name='cmtt10', style='normal', variant='normal', weight=400, stretch='normal', size='scalable')) = 10.05
2025-04-07 01:25:18,094 - matplotlib.font_manager - DEBUG - findfont: score(FontEntry(fname='/home/vijji/miniconda3/envs/fib_cycles/lib/python3.9/site-packages/matplotlib/mpl-data/fonts/ttf/STIXSizTwoSymBol.ttf', name='STIXSizeTwoSym', style='normal', variant='normal', weight=700, stretch='normal', size='scalable')) = 10.335
2025-04-07 01:25:18,094 - matplotlib.font_manager - DEBUG - findfont: score(FontEntry(fname='/home/vijji/miniconda3/envs/fib_cycles/lib/python3.9/site-packages/matplotlib/mpl-data/fonts/ttf/DejaVuSansMono-BoldOblique.ttf', name='DejaVu Sans Mono', style='oblique', variant='normal', weight=700, stretch='normal', size='scalable')) = 11.335
2025-04-07 01:25:18,094 - matplotlib.font_manager - DEBUG - findfont: score(FontEntry(fname='/home/vijji/miniconda3/envs/fib_cycles/lib/python3.9/site-packages/matplotlib/mpl-data/fonts/ttf/STIXSizThreeSymBol.ttf', name='STIXSizeThreeSym', style='normal', variant='normal', weight=700, stretch='normal', size='scalable')) = 10.335
2025-04-07 01:25:18,094 - matplotlib.font_manager - DEBUG - findfont: score(FontEntry(fname='/home/vijji/miniconda3/envs/fib_cycles/lib/python3.9/site-packages/matplotlib/mpl-data/fonts/ttf/cmsy10.ttf', name='cmsy10', style='normal', variant='normal', weight=400, stretch='normal', size='scalable')) = 10.05
2025-04-07 01:25:18,094 - matplotlib.font_manager - DEBUG - findfont: score(FontEntry(fname='/home/vijji/miniconda3/envs/fib_cycles/lib/python3.9/site-packages/matplotlib/mpl-data/fonts/ttf/DejaVuSerif.ttf', name='DejaVu Serif', style='normal', variant='normal', weight=400, stretch='normal', size='scalable')) = 10.05
2025-04-07 01:25:18,094 - matplotlib.font_manager - DEBUG - findfont: score(FontEntry(fname='/home/vijji/miniconda3/envs/fib_cycles/lib/python3.9/site-packages/matplotlib/mpl-data/fonts/ttf/STIXSizOneSymReg.ttf', name='STIXSizeOneSym', style='normal', variant='normal', weight=400, stretch='normal', size='scalable')) = 10.05
2025-04-07 01:25:18,095 - matplotlib.font_manager - DEBUG - findfont: score(FontEntry(fname='/home/vijji/miniconda3/envs/fib_cycles/lib/python3.9/site-packages/matplotlib/mpl-data/fonts/ttf/DejaVuSerif-Italic.ttf', name='DejaVu Serif', style='italic', variant='normal', weight=400, stretch='normal', size='scalable')) = 11.05
2025-04-07 01:25:18,095 - matplotlib.font_manager - DEBUG - findfont: score(FontEntry(fname='/usr/share/fonts/truetype/ubuntu/Ubuntu-Th.ttf', name='Ubuntu', style='normal', variant='normal', weight=400, stretch='normal', size='scalable')) = 10.05
2025-04-07 01:25:18,095 - matplotlib.font_manager - DEBUG - findfont: score(FontEntry(fname='/usr/share/fonts/truetype/dejavu/DejaVuSerif-Bold.ttf', name='DejaVu Serif', style='normal', variant='normal', weight=700, stretch='normal', size='scalable')) = 10.335
2025-04-07 01:25:18,095 - matplotlib.font_manager - DEBUG - findfont: score(FontEntry(fname='/usr/share/fonts/truetype/dejavu/DejaVuSans-Bold.ttf', name='DejaVu Sans', style='normal', variant='normal', weight=700, stretch='normal', size='scalable')) = 0.33499999999999996
2025-04-07 01:25:18,095 - matplotlib.font_manager - DEBUG - findfont: score(FontEntry(fname='/usr/share/fonts/truetype/ubuntu/Ubuntu-LI.ttf', name='Ubuntu', style='italic', variant='normal', weight=400, stretch='normal', size='scalable')) = 11.05
2025-04-07 01:25:18,095 - matplotlib.font_manager - DEBUG - findfont: score(FontEntry(fname='/usr/share/fonts/truetype/ubuntu/Ubuntu-RI.ttf', name='Ubuntu', style='italic', variant='normal', weight=400, stretch='normal', size='scalable')) = 11.05
2025-04-07 01:25:18,095 - matplotlib.font_manager - DEBUG - findfont: score(FontEntry(fname='/usr/share/fonts/truetype/ubuntu/UbuntuSansMono[wght].ttf', name='Ubuntu Sans Mono', style='normal', variant='normal', weight=400, stretch='normal', size='scalable')) = 10.05
2025-04-07 01:25:18,095 - matplotlib.font_manager - DEBUG - findfont: score(FontEntry(fname='/usr/share/fonts/truetype/ubuntu/UbuntuMono[wght].ttf', name='Ubuntu Mono', style='normal', variant='normal', weight=400, stretch='normal', size='scalable')) = 10.05
2025-04-07 01:25:18,095 - matplotlib.font_manager - DEBUG - findfont: score(FontEntry(fname='/usr/share/fonts/truetype/ubuntu/Ubuntu-R.ttf', name='Ubuntu', style='normal', variant='normal', weight=400, stretch='normal', size='scalable')) = 10.05
2025-04-07 01:25:18,095 - matplotlib.font_manager - DEBUG - findfont: score(FontEntry(fname='/usr/share/fonts/truetype/dejavu/DejaVuSans.ttf', name='DejaVu Sans', style='normal', variant='normal', weight=400, stretch='normal', size='scalable')) = 0.05
2025-04-07 01:25:18,095 - matplotlib.font_manager - DEBUG - findfont: score(FontEntry(fname='/usr/share/fonts/truetype/ubuntu/UbuntuSansMono-Italic[wght].ttf', name='Ubuntu Sans Mono', style='italic', variant='normal', weight=400, stretch='normal', size='scalable')) = 11.05
2025-04-07 01:25:18,095 - matplotlib.font_manager - DEBUG - findfont: score(FontEntry(fname='/usr/share/fonts/truetype/dejavu/DejaVuSansMono.ttf', name='DejaVu Sans Mono', style='normal', variant='normal', weight=400, stretch='normal', size='scalable')) = 10.05
2025-04-07 01:25:18,095 - matplotlib.font_manager - DEBUG - findfont: score(FontEntry(fname='/usr/share/fonts/truetype/ubuntu/UbuntuMono-RI.ttf', name='Ubuntu Mono', style='italic', variant='normal', weight=400, stretch='normal', size='scalable')) = 11.05
2025-04-07 01:25:18,095 - matplotlib.font_manager - DEBUG - findfont: score(FontEntry(fname='/usr/share/fonts/truetype/ubuntu/UbuntuMono-BI.ttf', name='Ubuntu Mono', style='italic', variant='normal', weight=400, stretch='normal', size='scalable')) = 11.05
2025-04-07 01:25:18,095 - matplotlib.font_manager - DEBUG - findfont: score(FontEntry(fname='/usr/share/fonts/truetype/dejavu/DejaVuSansMono-Bold.ttf', name='DejaVu Sans Mono', style='normal', variant='normal', weight=700, stretch='normal', size='scalable')) = 10.335
2025-04-07 01:25:18,095 - matplotlib.font_manager - DEBUG - findfont: score(FontEntry(fname='/usr/share/fonts/truetype/ubuntu/Ubuntu-B.ttf', name='Ubuntu', style='normal', variant='normal', weight=400, stretch='normal', size='scalable')) = 10.05
2025-04-07 01:25:18,096 - matplotlib.font_manager - DEBUG - findfont: score(FontEntry(fname='/usr/share/fonts/truetype/ubuntu/UbuntuMono-B.ttf', name='Ubuntu Mono', style='normal', variant='normal', weight=400, stretch='normal', size='scalable')) = 10.05
2025-04-07 01:25:18,096 - matplotlib.font_manager - DEBUG - findfont: score(FontEntry(fname='/usr/share/fonts/truetype/dejavu/DejaVuSansMono-Oblique.ttf', name='DejaVu Sans Mono', style='oblique', variant='normal', weight=400, stretch='normal', size='scalable')) = 11.05
2025-04-07 01:25:18,096 - matplotlib.font_manager - DEBUG - findfont: score(FontEntry(fname='/usr/share/fonts/truetype/ubuntu/UbuntuMono-Italic[wght].ttf', name='Ubuntu Mono', style='italic', variant='normal', weight=400, stretch='normal', size='scalable')) = 11.05
2025-04-07 01:25:18,096 - matplotlib.font_manager - DEBUG - findfont: score(FontEntry(fname='/usr/share/fonts/truetype/ubuntu/UbuntuMono-R.ttf', name='Ubuntu Mono', style='normal', variant='normal', weight=400, stretch='normal', size='scalable')) = 10.05
2025-04-07 01:25:18,096 - matplotlib.font_manager - DEBUG - findfont: score(FontEntry(fname='/usr/share/fonts/truetype/ubuntu/Ubuntu[wdth,wght].ttf', name='Ubuntu', style='normal', variant='normal', weight=400, stretch='normal', size='scalable')) = 10.05
2025-04-07 01:25:18,096 - matplotlib.font_manager - DEBUG - findfont: score(FontEntry(fname='/usr/share/fonts/truetype/ubuntu/Ubuntu-C.ttf', name='Ubuntu', style='normal', variant='normal', weight=400, stretch='normal', size='scalable')) = 10.05
2025-04-07 01:25:18,096 - matplotlib.font_manager - DEBUG - findfont: score(FontEntry(fname='/usr/share/fonts/truetype/ubuntu/Ubuntu-Italic[wdth,wght].ttf', name='Ubuntu', style='italic', variant='normal', weight=400, stretch='normal', size='scalable')) = 11.05
2025-04-07 01:25:18,096 - matplotlib.font_manager - DEBUG - findfont: score(FontEntry(fname='/usr/share/fonts/truetype/ubuntu/UbuntuSans[wdth,wght].ttf', name='Ubuntu Sans', style='normal', variant='normal', weight=400, stretch='normal', size='scalable')) = 10.05
2025-04-07 01:25:18,096 - matplotlib.font_manager - DEBUG - findfont: score(FontEntry(fname='/usr/share/fonts/truetype/ubuntu/Ubuntu-BI.ttf', name='Ubuntu', style='italic', variant='normal', weight=400, stretch='normal', size='scalable')) = 11.05
2025-04-07 01:25:18,096 - matplotlib.font_manager - DEBUG - findfont: score(FontEntry(fname='/usr/share/fonts/truetype/ubuntu/UbuntuSans-Italic[wdth,wght].ttf', name='Ubuntu Sans', style='italic', variant='normal', weight=400, stretch='normal', size='scalable')) = 11.05
2025-04-07 01:25:18,096 - matplotlib.font_manager - DEBUG - findfont: score(FontEntry(fname='/usr/share/fonts/truetype/dejavu/DejaVuSansMono-BoldOblique.ttf', name='DejaVu Sans Mono', style='oblique', variant='normal', weight=700, stretch='normal', size='scalable')) = 11.335
2025-04-07 01:25:18,096 - matplotlib.font_manager - DEBUG - findfont: score(FontEntry(fname='/usr/share/fonts/truetype/ubuntu/Ubuntu-L.ttf', name='Ubuntu', style='normal', variant='normal', weight=400, stretch='normal', size='scalable')) = 10.05
2025-04-07 01:25:18,096 - matplotlib.font_manager - DEBUG - findfont: score(FontEntry(fname='/usr/share/fonts/truetype/dejavu/DejaVuSerif.ttf', name='DejaVu Serif', style='normal', variant='normal', weight=400, stretch='normal', size='scalable')) = 10.05
2025-04-07 01:25:18,096 - matplotlib.font_manager - DEBUG - findfont: score(FontEntry(fname='/usr/share/fonts/truetype/ubuntu/Ubuntu-MI.ttf', name='Ubuntu', style='italic', variant='normal', weight=400, stretch='normal', size='scalable')) = 11.05
2025-04-07 01:25:18,096 - matplotlib.font_manager - DEBUG - findfont: score(FontEntry(fname='/usr/share/fonts/truetype/ubuntu/Ubuntu-M.ttf', name='Ubuntu', style='normal', variant='normal', weight=400, stretch='normal', size='scalable')) = 10.05
2025-04-07 01:25:18,096 - matplotlib.font_manager - DEBUG - findfont: Matching sans\-serif:style=normal:variant=normal:weight=normal:stretch=normal:size=10.0 to DejaVu Sans ('/home/vijji/miniconda3/envs/fib_cycles/lib/python3.9/site-packages/matplotlib/mpl-data/fonts/ttf/DejaVuSans.ttf') with score of 0.050000.
2025-04-07 01:25:18,132 - matplotlib.font_manager - DEBUG - findfont: Matching sans\-serif:style=normal:variant=normal:weight=normal:stretch=normal:size=12.0.
2025-04-07 01:25:18,133 - matplotlib.font_manager - DEBUG - findfont: score(FontEntry(fname='/home/vijji/miniconda3/envs/fib_cycles/lib/python3.9/site-packages/matplotlib/mpl-data/fonts/ttf/DejaVuSansMono.ttf', name='DejaVu Sans Mono', style='normal', variant='normal', weight=400, stretch='normal', size='scalable')) = 10.05
2025-04-07 01:25:18,133 - matplotlib.font_manager - DEBUG - findfont: score(FontEntry(fname='/home/vijji/miniconda3/envs/fib_cycles/lib/python3.9/site-packages/matplotlib/mpl-data/fonts/ttf/DejaVuSerif-Bold.ttf', name='DejaVu Serif', style='normal', variant='normal', weight=700, stretch='normal', size='scalable')) = 10.335
2025-04-07 01:25:18,133 - matplotlib.font_manager - DEBUG - findfont: score(FontEntry(fname='/home/vijji/miniconda3/envs/fib_cycles/lib/python3.9/site-packages/matplotlib/mpl-data/fonts/ttf/STIXSizFiveSymReg.ttf', name='STIXSizeFiveSym', style='normal', variant='normal', weight=400, stretch='normal', size='scalable')) = 10.05
2025-04-07 01:25:18,133 - matplotlib.font_manager - DEBUG - findfont: score(FontEntry(fname='/home/vijji/miniconda3/envs/fib_cycles/lib/python3.9/site-packages/matplotlib/mpl-data/fonts/ttf/STIXNonUni.ttf', name='STIXNonUnicode', style='normal', variant='normal', weight=400, stretch='normal', size='scalable')) = 10.05
2025-04-07 01:25:18,133 - matplotlib.font_manager - DEBUG - findfont: score(FontEntry(fname='/home/vijji/miniconda3/envs/fib_cycles/lib/python3.9/site-packages/matplotlib/mpl-data/fonts/ttf/cmr10.ttf', name='cmr10', style='normal', variant='normal', weight=400, stretch='normal', size='scalable')) = 10.05
2025-04-07 01:25:18,133 - matplotlib.font_manager - DEBUG - findfont: score(FontEntry(fname='/home/vijji/miniconda3/envs/fib_cycles/lib/python3.9/site-packages/matplotlib/mpl-data/fonts/ttf/cmmi10.ttf', name='cmmi10', style='normal', variant='normal', weight=400, stretch='normal', size='scalable')) = 10.05
2025-04-07 01:25:18,133 - matplotlib.font_manager - DEBUG - findfont: score(FontEntry(fname='/home/vijji/miniconda3/envs/fib_cycles/lib/python3.9/site-packages/matplotlib/mpl-data/fonts/ttf/DejaVuSerifDisplay.ttf', name='DejaVu Serif Display', style='normal', variant='normal', weight=400, stretch='normal', size='scalable')) = 10.05
2025-04-07 01:25:18,133 - matplotlib.font_manager - DEBUG - findfont: score(FontEntry(fname='/home/vijji/miniconda3/envs/fib_cycles/lib/python3.9/site-packages/matplotlib/mpl-data/fonts/ttf/DejaVuSerif-BoldItalic.ttf', name='DejaVu Serif', style='italic', variant='normal', weight=700, stretch='normal', size='scalable')) = 11.335
2025-04-07 01:25:18,133 - matplotlib.font_manager - DEBUG - findfont: score(FontEntry(fname='/home/vijji/miniconda3/envs/fib_cycles/lib/python3.9/site-packages/matplotlib/mpl-data/fonts/ttf/cmex10.ttf', name='cmex10', style='normal', variant='normal', weight=400, stretch='normal', size='scalable')) = 10.05
2025-04-07 01:25:18,133 - matplotlib.font_manager - DEBUG - findfont: score(FontEntry(fname='/home/vijji/miniconda3/envs/fib_cycles/lib/python3.9/site-packages/matplotlib/mpl-data/fonts/ttf/STIXSizThreeSymReg.ttf', name='STIXSizeThreeSym', style='normal', variant='normal', weight=400, stretch='normal', size='scalable')) = 10.05
2025-04-07 01:25:18,134 - matplotlib.font_manager - DEBUG - findfont: score(FontEntry(fname='/home/vijji/miniconda3/envs/fib_cycles/lib/python3.9/site-packages/matplotlib/mpl-data/fonts/ttf/STIXSizFourSymBol.ttf', name='STIXSizeFourSym', style='normal', variant='normal', weight=700, stretch='normal', size='scalable')) = 10.335
2025-04-07 01:25:18,134 - matplotlib.font_manager - DEBUG - findfont: score(FontEntry(fname='/home/vijji/miniconda3/envs/fib_cycles/lib/python3.9/site-packages/matplotlib/mpl-data/fonts/ttf/STIXGeneral.ttf', name='STIXGeneral', style='normal', variant='normal', weight=400, stretch='normal', size='scalable')) = 10.05
2025-04-07 01:25:18,134 - matplotlib.font_manager - DEBUG - findfont: score(FontEntry(fname='/home/vijji/miniconda3/envs/fib_cycles/lib/python3.9/site-packages/matplotlib/mpl-data/fonts/ttf/DejaVuSans-Bold.ttf', name='DejaVu Sans', style='normal', variant='normal', weight=700, stretch='normal', size='scalable')) = 0.33499999999999996
2025-04-07 01:25:18,134 - matplotlib.font_manager - DEBUG - findfont: score(FontEntry(fname='/home/vijji/miniconda3/envs/fib_cycles/lib/python3.9/site-packages/matplotlib/mpl-data/fonts/ttf/DejaVuSans.ttf', name='DejaVu Sans', style='normal', variant='normal', weight=400, stretch='normal', size='scalable')) = 0.05
2025-04-07 01:25:18,134 - matplotlib.font_manager - DEBUG - findfont: score(FontEntry(fname='/home/vijji/miniconda3/envs/fib_cycles/lib/python3.9/site-packages/matplotlib/mpl-data/fonts/ttf/STIXSizOneSymBol.ttf', name='STIXSizeOneSym', style='normal', variant='normal', weight=700, stretch='normal', size='scalable')) = 10.335
2025-04-07 01:25:18,134 - matplotlib.font_manager - DEBUG - findfont: score(FontEntry(fname='/home/vijji/miniconda3/envs/fib_cycles/lib/python3.9/site-packages/matplotlib/mpl-data/fonts/ttf/STIXNonUniIta.ttf', name='STIXNonUnicode', style='italic', variant='normal', weight=400, stretch='normal', size='scalable')) = 11.05
2025-04-07 01:25:18,134 - matplotlib.font_manager - DEBUG - findfont: score(FontEntry(fname='/home/vijji/miniconda3/envs/fib_cycles/lib/python3.9/site-packages/matplotlib/mpl-data/fonts/ttf/STIXSizFourSymReg.ttf', name='STIXSizeFourSym', style='normal', variant='normal', weight=400, stretch='normal', size='scalable')) = 10.05
2025-04-07 01:25:18,134 - matplotlib.font_manager - DEBUG - findfont: score(FontEntry(fname='/home/vijji/miniconda3/envs/fib_cycles/lib/python3.9/site-packages/matplotlib/mpl-data/fonts/ttf/STIXGeneralItalic.ttf', name='STIXGeneral', style='italic', variant='normal', weight=400, stretch='normal', size='scalable')) = 11.05
2025-04-07 01:25:18,134 - matplotlib.font_manager - DEBUG - findfont: score(FontEntry(fname='/home/vijji/miniconda3/envs/fib_cycles/lib/python3.9/site-packages/matplotlib/mpl-data/fonts/ttf/cmb10.ttf', name='cmb10', style='normal', variant='normal', weight=400, stretch='normal', size='scalable')) = 10.05
2025-04-07 01:25:18,134 - matplotlib.font_manager - DEBUG - findfont: score(FontEntry(fname='/home/vijji/miniconda3/envs/fib_cycles/lib/python3.9/site-packages/matplotlib/mpl-data/fonts/ttf/DejaVuSansMono-Oblique.ttf', name='DejaVu Sans Mono', style='oblique', variant='normal', weight=400, stretch='normal', size='scalable')) = 11.05
2025-04-07 01:25:18,135 - matplotlib.font_manager - DEBUG - findfont: score(FontEntry(fname='/home/vijji/miniconda3/envs/fib_cycles/lib/python3.9/site-packages/matplotlib/mpl-data/fonts/ttf/DejaVuSans-BoldOblique.ttf', name='DejaVu Sans', style='oblique', variant='normal', weight=700, stretch='normal', size='scalable')) = 1.335
2025-04-07 01:25:18,135 - matplotlib.font_manager - DEBUG - findfont: score(FontEntry(fname='/home/vijji/miniconda3/envs/fib_cycles/lib/python3.9/site-packages/matplotlib/mpl-data/fonts/ttf/DejaVuSans-Oblique.ttf', name='DejaVu Sans', style='oblique', variant='normal', weight=400, stretch='normal', size='scalable')) = 1.05
2025-04-07 01:25:18,135 - matplotlib.font_manager - DEBUG - findfont: score(FontEntry(fname='/home/vijji/miniconda3/envs/fib_cycles/lib/python3.9/site-packages/matplotlib/mpl-data/fonts/ttf/cmss10.ttf', name='cmss10', style='normal', variant='normal', weight=400, stretch='normal', size='scalable')) = 10.05
2025-04-07 01:25:18,135 - matplotlib.font_manager - DEBUG - findfont: score(FontEntry(fname='/home/vijji/miniconda3/envs/fib_cycles/lib/python3.9/site-packages/matplotlib/mpl-data/fonts/ttf/STIXGeneralBol.ttf', name='STIXGeneral', style='normal', variant='normal', weight=700, stretch='normal', size='scalable')) = 10.335
2025-04-07 01:25:18,135 - matplotlib.font_manager - DEBUG - findfont: score(FontEntry(fname='/home/vijji/miniconda3/envs/fib_cycles/lib/python3.9/site-packages/matplotlib/mpl-data/fonts/ttf/DejaVuSansMono-Bold.ttf', name='DejaVu Sans Mono', style='normal', variant='normal', weight=700, stretch='normal', size='scalable')) = 10.335
2025-04-07 01:25:18,135 - matplotlib.font_manager - DEBUG - findfont: score(FontEntry(fname='/home/vijji/miniconda3/envs/fib_cycles/lib/python3.9/site-packages/matplotlib/mpl-data/fonts/ttf/STIXGeneralBolIta.ttf', name='STIXGeneral', style='italic', variant='normal', weight=700, stretch='normal', size='scalable')) = 11.335
2025-04-07 01:25:18,135 - matplotlib.font_manager - DEBUG - findfont: score(FontEntry(fname='/home/vijji/miniconda3/envs/fib_cycles/lib/python3.9/site-packages/matplotlib/mpl-data/fonts/ttf/STIXNonUniBol.ttf', name='STIXNonUnicode', style='normal', variant='normal', weight=700, stretch='normal', size='scalable')) = 10.335
2025-04-07 01:25:18,135 - matplotlib.font_manager - DEBUG - findfont: score(FontEntry(fname='/home/vijji/miniconda3/envs/fib_cycles/lib/python3.9/site-packages/matplotlib/mpl-data/fonts/ttf/STIXNonUniBolIta.ttf', name='STIXNonUnicode', style='italic', variant='normal', weight=700, stretch='normal', size='scalable')) = 11.335
2025-04-07 01:25:18,135 - matplotlib.font_manager - DEBUG - findfont: score(FontEntry(fname='/home/vijji/miniconda3/envs/fib_cycles/lib/python3.9/site-packages/matplotlib/mpl-data/fonts/ttf/STIXSizTwoSymReg.ttf', name='STIXSizeTwoSym', style='normal', variant='normal', weight=400, stretch='normal', size='scalable')) = 10.05
2025-04-07 01:25:18,135 - matplotlib.font_manager - DEBUG - findfont: score(FontEntry(fname='/home/vijji/miniconda3/envs/fib_cycles/lib/python3.9/site-packages/matplotlib/mpl-data/fonts/ttf/DejaVuSansDisplay.ttf', name='DejaVu Sans Display', style='normal', variant='normal', weight=400, stretch='normal', size='scalable')) = 10.05
2025-04-07 01:25:18,135 - matplotlib.font_manager - DEBUG - findfont: score(FontEntry(fname='/home/vijji/miniconda3/envs/fib_cycles/lib/python3.9/site-packages/matplotlib/mpl-data/fonts/ttf/cmtt10.ttf', name='cmtt10', style='normal', variant='normal', weight=400, stretch='normal', size='scalable')) = 10.05
2025-04-07 01:25:18,135 - matplotlib.font_manager - DEBUG - findfont: score(FontEntry(fname='/home/vijji/miniconda3/envs/fib_cycles/lib/python3.9/site-packages/matplotlib/mpl-data/fonts/ttf/STIXSizTwoSymBol.ttf', name='STIXSizeTwoSym', style='normal', variant='normal', weight=700, stretch='normal', size='scalable')) = 10.335
2025-04-07 01:25:18,135 - matplotlib.font_manager - DEBUG - findfont: score(FontEntry(fname='/home/vijji/miniconda3/envs/fib_cycles/lib/python3.9/site-packages/matplotlib/mpl-data/fonts/ttf/DejaVuSansMono-BoldOblique.ttf', name='DejaVu Sans Mono', style='oblique', variant='normal', weight=700, stretch='normal', size='scalable')) = 11.335
2025-04-07 01:25:18,135 - matplotlib.font_manager - DEBUG - findfont: score(FontEntry(fname='/home/vijji/miniconda3/envs/fib_cycles/lib/python3.9/site-packages/matplotlib/mpl-data/fonts/ttf/STIXSizThreeSymBol.ttf', name='STIXSizeThreeSym', style='normal', variant='normal', weight=700, stretch='normal', size='scalable')) = 10.335
2025-04-07 01:25:18,136 - matplotlib.font_manager - DEBUG - findfont: score(FontEntry(fname='/home/vijji/miniconda3/envs/fib_cycles/lib/python3.9/site-packages/matplotlib/mpl-data/fonts/ttf/cmsy10.ttf', name='cmsy10', style='normal', variant='normal', weight=400, stretch='normal', size='scalable')) = 10.05
2025-04-07 01:25:18,136 - matplotlib.font_manager - DEBUG - findfont: score(FontEntry(fname='/home/vijji/miniconda3/envs/fib_cycles/lib/python3.9/site-packages/matplotlib/mpl-data/fonts/ttf/DejaVuSerif.ttf', name='DejaVu Serif', style='normal', variant='normal', weight=400, stretch='normal', size='scalable')) = 10.05
2025-04-07 01:25:18,136 - matplotlib.font_manager - DEBUG - findfont: score(FontEntry(fname='/home/vijji/miniconda3/envs/fib_cycles/lib/python3.9/site-packages/matplotlib/mpl-data/fonts/ttf/STIXSizOneSymReg.ttf', name='STIXSizeOneSym', style='normal', variant='normal', weight=400, stretch='normal', size='scalable')) = 10.05
2025-04-07 01:25:18,136 - matplotlib.font_manager - DEBUG - findfont: score(FontEntry(fname='/home/vijji/miniconda3/envs/fib_cycles/lib/python3.9/site-packages/matplotlib/mpl-data/fonts/ttf/DejaVuSerif-Italic.ttf', name='DejaVu Serif', style='italic', variant='normal', weight=400, stretch='normal', size='scalable')) = 11.05
2025-04-07 01:25:18,136 - matplotlib.font_manager - DEBUG - findfont: score(FontEntry(fname='/usr/share/fonts/truetype/ubuntu/Ubuntu-Th.ttf', name='Ubuntu', style='normal', variant='normal', weight=400, stretch='normal', size='scalable')) = 10.05
2025-04-07 01:25:18,136 - matplotlib.font_manager - DEBUG - findfont: score(FontEntry(fname='/usr/share/fonts/truetype/dejavu/DejaVuSerif-Bold.ttf', name='DejaVu Serif', style='normal', variant='normal', weight=700, stretch='normal', size='scalable')) = 10.335
2025-04-07 01:25:18,136 - matplotlib.font_manager - DEBUG - findfont: score(FontEntry(fname='/usr/share/fonts/truetype/dejavu/DejaVuSans-Bold.ttf', name='DejaVu Sans', style='normal', variant='normal', weight=700, stretch='normal', size='scalable')) = 0.33499999999999996
2025-04-07 01:25:18,136 - matplotlib.font_manager - DEBUG - findfont: score(FontEntry(fname='/usr/share/fonts/truetype/ubuntu/Ubuntu-LI.ttf', name='Ubuntu', style='italic', variant='normal', weight=400, stretch='normal', size='scalable')) = 11.05
2025-04-07 01:25:18,136 - matplotlib.font_manager - DEBUG - findfont: score(FontEntry(fname='/usr/share/fonts/truetype/ubuntu/Ubuntu-RI.ttf', name='Ubuntu', style='italic', variant='normal', weight=400, stretch='normal', size='scalable')) = 11.05
2025-04-07 01:25:18,136 - matplotlib.font_manager - DEBUG - findfont: score(FontEntry(fname='/usr/share/fonts/truetype/ubuntu/UbuntuSansMono[wght].ttf', name='Ubuntu Sans Mono', style='normal', variant='normal', weight=400, stretch='normal', size='scalable')) = 10.05
2025-04-07 01:25:18,136 - matplotlib.font_manager - DEBUG - findfont: score(FontEntry(fname='/usr/share/fonts/truetype/ubuntu/UbuntuMono[wght].ttf', name='Ubuntu Mono', style='normal', variant='normal', weight=400, stretch='normal', size='scalable')) = 10.05
2025-04-07 01:25:18,136 - matplotlib.font_manager - DEBUG - findfont: score(FontEntry(fname='/usr/share/fonts/truetype/ubuntu/Ubuntu-R.ttf', name='Ubuntu', style='normal', variant='normal', weight=400, stretch='normal', size='scalable')) = 10.05
2025-04-07 01:25:18,137 - matplotlib.font_manager - DEBUG - findfont: score(FontEntry(fname='/usr/share/fonts/truetype/dejavu/DejaVuSans.ttf', name='DejaVu Sans', style='normal', variant='normal', weight=400, stretch='normal', size='scalable')) = 0.05
2025-04-07 01:25:18,137 - matplotlib.font_manager - DEBUG - findfont: score(FontEntry(fname='/usr/share/fonts/truetype/ubuntu/UbuntuSansMono-Italic[wght].ttf', name='Ubuntu Sans Mono', style='italic', variant='normal', weight=400, stretch='normal', size='scalable')) = 11.05
2025-04-07 01:25:18,137 - matplotlib.font_manager - DEBUG - findfont: score(FontEntry(fname='/usr/share/fonts/truetype/dejavu/DejaVuSansMono.ttf', name='DejaVu Sans Mono', style='normal', variant='normal', weight=400, stretch='normal', size='scalable')) = 10.05
2025-04-07 01:25:18,137 - matplotlib.font_manager - DEBUG - findfont: score(FontEntry(fname='/usr/share/fonts/truetype/ubuntu/UbuntuMono-RI.ttf', name='Ubuntu Mono', style='italic', variant='normal', weight=400, stretch='normal', size='scalable')) = 11.05
2025-04-07 01:25:18,137 - matplotlib.font_manager - DEBUG - findfont: score(FontEntry(fname='/usr/share/fonts/truetype/ubuntu/UbuntuMono-BI.ttf', name='Ubuntu Mono', style='italic', variant='normal', weight=400, stretch='normal', size='scalable')) = 11.05
2025-04-07 01:25:18,137 - matplotlib.font_manager - DEBUG - findfont: score(FontEntry(fname='/usr/share/fonts/truetype/dejavu/DejaVuSansMono-Bold.ttf', name='DejaVu Sans Mono', style='normal', variant='normal', weight=700, stretch='normal', size='scalable')) = 10.335
2025-04-07 01:25:18,137 - matplotlib.font_manager - DEBUG - findfont: score(FontEntry(fname='/usr/share/fonts/truetype/ubuntu/Ubuntu-B.ttf', name='Ubuntu', style='normal', variant='normal', weight=400, stretch='normal', size='scalable')) = 10.05
2025-04-07 01:25:18,137 - matplotlib.font_manager - DEBUG - findfont: score(FontEntry(fname='/usr/share/fonts/truetype/ubuntu/UbuntuMono-B.ttf', name='Ubuntu Mono', style='normal', variant='normal', weight=400, stretch='normal', size='scalable')) = 10.05
2025-04-07 01:25:18,137 - matplotlib.font_manager - DEBUG - findfont: score(FontEntry(fname='/usr/share/fonts/truetype/dejavu/DejaVuSansMono-Oblique.ttf', name='DejaVu Sans Mono', style='oblique', variant='normal', weight=400, stretch='normal', size='scalable')) = 11.05
2025-04-07 01:25:18,137 - matplotlib.font_manager - DEBUG - findfont: score(FontEntry(fname='/usr/share/fonts/truetype/ubuntu/UbuntuMono-Italic[wght].ttf', name='Ubuntu Mono', style='italic', variant='normal', weight=400, stretch='normal', size='scalable')) = 11.05
2025-04-07 01:25:18,137 - matplotlib.font_manager - DEBUG - findfont: score(FontEntry(fname='/usr/share/fonts/truetype/ubuntu/UbuntuMono-R.ttf', name='Ubuntu Mono', style='normal', variant='normal', weight=400, stretch='normal', size='scalable')) = 10.05
2025-04-07 01:25:18,137 - matplotlib.font_manager - DEBUG - findfont: score(FontEntry(fname='/usr/share/fonts/truetype/ubuntu/Ubuntu[wdth,wght].ttf', name='Ubuntu', style='normal', variant='normal', weight=400, stretch='normal', size='scalable')) = 10.05
2025-04-07 01:25:18,137 - matplotlib.font_manager - DEBUG - findfont: score(FontEntry(fname='/usr/share/fonts/truetype/ubuntu/Ubuntu-C.ttf', name='Ubuntu', style='normal', variant='normal', weight=400, stretch='normal', size='scalable')) = 10.05
2025-04-07 01:25:18,137 - matplotlib.font_manager - DEBUG - findfont: score(FontEntry(fname='/usr/share/fonts/truetype/ubuntu/Ubuntu-Italic[wdth,wght].ttf', name='Ubuntu', style='italic', variant='normal', weight=400, stretch='normal', size='scalable')) = 11.05
2025-04-07 01:25:18,138 - matplotlib.font_manager - DEBUG - findfont: score(FontEntry(fname='/usr/share/fonts/truetype/ubuntu/UbuntuSans[wdth,wght].ttf', name='Ubuntu Sans', style='normal', variant='normal', weight=400, stretch='normal', size='scalable')) = 10.05
2025-04-07 01:25:18,138 - matplotlib.font_manager - DEBUG - findfont: score(FontEntry(fname='/usr/share/fonts/truetype/ubuntu/Ubuntu-BI.ttf', name='Ubuntu', style='italic', variant='normal', weight=400, stretch='normal', size='scalable')) = 11.05
2025-04-07 01:25:18,138 - matplotlib.font_manager - DEBUG - findfont: score(FontEntry(fname='/usr/share/fonts/truetype/ubuntu/UbuntuSans-Italic[wdth,wght].ttf', name='Ubuntu Sans', style='italic', variant='normal', weight=400, stretch='normal', size='scalable')) = 11.05
2025-04-07 01:25:18,138 - matplotlib.font_manager - DEBUG - findfont: score(FontEntry(fname='/usr/share/fonts/truetype/dejavu/DejaVuSansMono-BoldOblique.ttf', name='DejaVu Sans Mono', style='oblique', variant='normal', weight=700, stretch='normal', size='scalable')) = 11.335
2025-04-07 01:25:18,138 - matplotlib.font_manager - DEBUG - findfont: score(FontEntry(fname='/usr/share/fonts/truetype/ubuntu/Ubuntu-L.ttf', name='Ubuntu', style='normal', variant='normal', weight=400, stretch='normal', size='scalable')) = 10.05
2025-04-07 01:25:18,138 - matplotlib.font_manager - DEBUG - findfont: score(FontEntry(fname='/usr/share/fonts/truetype/dejavu/DejaVuSerif.ttf', name='DejaVu Serif', style='normal', variant='normal', weight=400, stretch='normal', size='scalable')) = 10.05
2025-04-07 01:25:18,138 - matplotlib.font_manager - DEBUG - findfont: score(FontEntry(fname='/usr/share/fonts/truetype/ubuntu/Ubuntu-MI.ttf', name='Ubuntu', style='italic', variant='normal', weight=400, stretch='normal', size='scalable')) = 11.05
2025-04-07 01:25:18,138 - matplotlib.font_manager - DEBUG - findfont: score(FontEntry(fname='/usr/share/fonts/truetype/ubuntu/Ubuntu-M.ttf', name='Ubuntu', style='normal', variant='normal', weight=400, stretch='normal', size='scalable')) = 10.05
2025-04-07 01:25:18,138 - matplotlib.font_manager - DEBUG - findfont: Matching sans\-serif:style=normal:variant=normal:weight=normal:stretch=normal:size=12.0 to DejaVu Sans ('/home/vijji/miniconda3/envs/fib_cycles/lib/python3.9/site-packages/matplotlib/mpl-data/fonts/ttf/DejaVuSans.ttf') with score of 0.050000.
2025-04-07 01:25:18,139 - matplotlib.font_manager - DEBUG - findfont: Matching sans\-serif:style=normal:variant=normal:weight=normal:stretch=normal:size=14.0.
2025-04-07 01:25:18,139 - matplotlib.font_manager - DEBUG - findfont: score(FontEntry(fname='/home/vijji/miniconda3/envs/fib_cycles/lib/python3.9/site-packages/matplotlib/mpl-data/fonts/ttf/DejaVuSansMono.ttf', name='DejaVu Sans Mono', style='normal', variant='normal', weight=400, stretch='normal', size='scalable')) = 10.05
2025-04-07 01:25:18,139 - matplotlib.font_manager - DEBUG - findfont: score(FontEntry(fname='/home/vijji/miniconda3/envs/fib_cycles/lib/python3.9/site-packages/matplotlib/mpl-data/fonts/ttf/DejaVuSerif-Bold.ttf', name='DejaVu Serif', style='normal', variant='normal', weight=700, stretch='normal', size='scalable')) = 10.335
2025-04-07 01:25:18,139 - matplotlib.font_manager - DEBUG - findfont: score(FontEntry(fname='/home/vijji/miniconda3/envs/fib_cycles/lib/python3.9/site-packages/matplotlib/mpl-data/fonts/ttf/STIXSizFiveSymReg.ttf', name='STIXSizeFiveSym', style='normal', variant='normal', weight=400, stretch='normal', size='scalable')) = 10.05
2025-04-07 01:25:18,139 - matplotlib.font_manager - DEBUG - findfont: score(FontEntry(fname='/home/vijji/miniconda3/envs/fib_cycles/lib/python3.9/site-packages/matplotlib/mpl-data/fonts/ttf/STIXNonUni.ttf', name='STIXNonUnicode', style='normal', variant='normal', weight=400, stretch='normal', size='scalable')) = 10.05
2025-04-07 01:25:18,139 - matplotlib.font_manager - DEBUG - findfont: score(FontEntry(fname='/home/vijji/miniconda3/envs/fib_cycles/lib/python3.9/site-packages/matplotlib/mpl-data/fonts/ttf/cmr10.ttf', name='cmr10', style='normal', variant='normal', weight=400, stretch='normal', size='scalable')) = 10.05
2025-04-07 01:25:18,139 - matplotlib.font_manager - DEBUG - findfont: score(FontEntry(fname='/home/vijji/miniconda3/envs/fib_cycles/lib/python3.9/site-packages/matplotlib/mpl-data/fonts/ttf/cmmi10.ttf', name='cmmi10', style='normal', variant='normal', weight=400, stretch='normal', size='scalable')) = 10.05
2025-04-07 01:25:18,139 - matplotlib.font_manager - DEBUG - findfont: score(FontEntry(fname='/home/vijji/miniconda3/envs/fib_cycles/lib/python3.9/site-packages/matplotlib/mpl-data/fonts/ttf/DejaVuSerifDisplay.ttf', name='DejaVu Serif Display', style='normal', variant='normal', weight=400, stretch='normal', size='scalable')) = 10.05
2025-04-07 01:25:18,139 - matplotlib.font_manager - DEBUG - findfont: score(FontEntry(fname='/home/vijji/miniconda3/envs/fib_cycles/lib/python3.9/site-packages/matplotlib/mpl-data/fonts/ttf/DejaVuSerif-BoldItalic.ttf', name='DejaVu Serif', style='italic', variant='normal', weight=700, stretch='normal', size='scalable')) = 11.335
2025-04-07 01:25:18,140 - matplotlib.font_manager - DEBUG - findfont: score(FontEntry(fname='/home/vijji/miniconda3/envs/fib_cycles/lib/python3.9/site-packages/matplotlib/mpl-data/fonts/ttf/cmex10.ttf', name='cmex10', style='normal', variant='normal', weight=400, stretch='normal', size='scalable')) = 10.05
2025-04-07 01:25:18,140 - matplotlib.font_manager - DEBUG - findfont: score(FontEntry(fname='/home/vijji/miniconda3/envs/fib_cycles/lib/python3.9/site-packages/matplotlib/mpl-data/fonts/ttf/STIXSizThreeSymReg.ttf', name='STIXSizeThreeSym', style='normal', variant='normal', weight=400, stretch='normal', size='scalable')) = 10.05
2025-04-07 01:25:18,140 - matplotlib.font_manager - DEBUG - findfont: score(FontEntry(fname='/home/vijji/miniconda3/envs/fib_cycles/lib/python3.9/site-packages/matplotlib/mpl-data/fonts/ttf/STIXSizFourSymBol.ttf', name='STIXSizeFourSym', style='normal', variant='normal', weight=700, stretch='normal', size='scalable')) = 10.335
2025-04-07 01:25:18,140 - matplotlib.font_manager - DEBUG - findfont: score(FontEntry(fname='/home/vijji/miniconda3/envs/fib_cycles/lib/python3.9/site-packages/matplotlib/mpl-data/fonts/ttf/STIXGeneral.ttf', name='STIXGeneral', style='normal', variant='normal', weight=400, stretch='normal', size='scalable')) = 10.05
2025-04-07 01:25:18,140 - matplotlib.font_manager - DEBUG - findfont: score(FontEntry(fname='/home/vijji/miniconda3/envs/fib_cycles/lib/python3.9/site-packages/matplotlib/mpl-data/fonts/ttf/DejaVuSans-Bold.ttf', name='DejaVu Sans', style='normal', variant='normal', weight=700, stretch='normal', size='scalable')) = 0.33499999999999996
2025-04-07 01:25:18,140 - matplotlib.font_manager - DEBUG - findfont: score(FontEntry(fname='/home/vijji/miniconda3/envs/fib_cycles/lib/python3.9/site-packages/matplotlib/mpl-data/fonts/ttf/DejaVuSans.ttf', name='DejaVu Sans', style='normal', variant='normal', weight=400, stretch='normal', size='scalable')) = 0.05
2025-04-07 01:25:18,140 - matplotlib.font_manager - DEBUG - findfont: score(FontEntry(fname='/home/vijji/miniconda3/envs/fib_cycles/lib/python3.9/site-packages/matplotlib/mpl-data/fonts/ttf/STIXSizOneSymBol.ttf', name='STIXSizeOneSym', style='normal', variant='normal', weight=700, stretch='normal', size='scalable')) = 10.335
2025-04-07 01:25:18,140 - matplotlib.font_manager - DEBUG - findfont: score(FontEntry(fname='/home/vijji/miniconda3/envs/fib_cycles/lib/python3.9/site-packages/matplotlib/mpl-data/fonts/ttf/STIXNonUniIta.ttf', name='STIXNonUnicode', style='italic', variant='normal', weight=400, stretch='normal', size='scalable')) = 11.05
2025-04-07 01:25:18,140 - matplotlib.font_manager - DEBUG - findfont: score(FontEntry(fname='/home/vijji/miniconda3/envs/fib_cycles/lib/python3.9/site-packages/matplotlib/mpl-data/fonts/ttf/STIXSizFourSymReg.ttf', name='STIXSizeFourSym', style='normal', variant='normal', weight=400, stretch='normal', size='scalable')) = 10.05
2025-04-07 01:25:18,140 - matplotlib.font_manager - DEBUG - findfont: score(FontEntry(fname='/home/vijji/miniconda3/envs/fib_cycles/lib/python3.9/site-packages/matplotlib/mpl-data/fonts/ttf/STIXGeneralItalic.ttf', name='STIXGeneral', style='italic', variant='normal', weight=400, stretch='normal', size='scalable')) = 11.05
2025-04-07 01:25:18,140 - matplotlib.font_manager - DEBUG - findfont: score(FontEntry(fname='/home/vijji/miniconda3/envs/fib_cycles/lib/python3.9/site-packages/matplotlib/mpl-data/fonts/ttf/cmb10.ttf', name='cmb10', style='normal', variant='normal', weight=400, stretch='normal', size='scalable')) = 10.05
2025-04-07 01:25:18,140 - matplotlib.font_manager - DEBUG - findfont: score(FontEntry(fname='/home/vijji/miniconda3/envs/fib_cycles/lib/python3.9/site-packages/matplotlib/mpl-data/fonts/ttf/DejaVuSansMono-Oblique.ttf', name='DejaVu Sans Mono', style='oblique', variant='normal', weight=400, stretch='normal', size='scalable')) = 11.05
2025-04-07 01:25:18,140 - matplotlib.font_manager - DEBUG - findfont: score(FontEntry(fname='/home/vijji/miniconda3/envs/fib_cycles/lib/python3.9/site-packages/matplotlib/mpl-data/fonts/ttf/DejaVuSans-BoldOblique.ttf', name='DejaVu Sans', style='oblique', variant='normal', weight=700, stretch='normal', size='scalable')) = 1.335
2025-04-07 01:25:18,141 - matplotlib.font_manager - DEBUG - findfont: score(FontEntry(fname='/home/vijji/miniconda3/envs/fib_cycles/lib/python3.9/site-packages/matplotlib/mpl-data/fonts/ttf/DejaVuSans-Oblique.ttf', name='DejaVu Sans', style='oblique', variant='normal', weight=400, stretch='normal', size='scalable')) = 1.05
2025-04-07 01:25:18,141 - matplotlib.font_manager - DEBUG - findfont: score(FontEntry(fname='/home/vijji/miniconda3/envs/fib_cycles/lib/python3.9/site-packages/matplotlib/mpl-data/fonts/ttf/cmss10.ttf', name='cmss10', style='normal', variant='normal', weight=400, stretch='normal', size='scalable')) = 10.05
2025-04-07 01:25:18,141 - matplotlib.font_manager - DEBUG - findfont: score(FontEntry(fname='/home/vijji/miniconda3/envs/fib_cycles/lib/python3.9/site-packages/matplotlib/mpl-data/fonts/ttf/STIXGeneralBol.ttf', name='STIXGeneral', style='normal', variant='normal', weight=700, stretch='normal', size='scalable')) = 10.335
2025-04-07 01:25:18,141 - matplotlib.font_manager - DEBUG - findfont: score(FontEntry(fname='/home/vijji/miniconda3/envs/fib_cycles/lib/python3.9/site-packages/matplotlib/mpl-data/fonts/ttf/DejaVuSansMono-Bold.ttf', name='DejaVu Sans Mono', style='normal', variant='normal', weight=700, stretch='normal', size='scalable')) = 10.335
2025-04-07 01:25:18,141 - matplotlib.font_manager - DEBUG - findfont: score(FontEntry(fname='/home/vijji/miniconda3/envs/fib_cycles/lib/python3.9/site-packages/matplotlib/mpl-data/fonts/ttf/STIXGeneralBolIta.ttf', name='STIXGeneral', style='italic', variant='normal', weight=700, stretch='normal', size='scalable')) = 11.335
2025-04-07 01:25:18,141 - matplotlib.font_manager - DEBUG - findfont: score(FontEntry(fname='/home/vijji/miniconda3/envs/fib_cycles/lib/python3.9/site-packages/matplotlib/mpl-data/fonts/ttf/STIXNonUniBol.ttf', name='STIXNonUnicode', style='normal', variant='normal', weight=700, stretch='normal', size='scalable')) = 10.335
2025-04-07 01:25:18,141 - matplotlib.font_manager - DEBUG - findfont: score(FontEntry(fname='/home/vijji/miniconda3/envs/fib_cycles/lib/python3.9/site-packages/matplotlib/mpl-data/fonts/ttf/STIXNonUniBolIta.ttf', name='STIXNonUnicode', style='italic', variant='normal', weight=700, stretch='normal', size='scalable')) = 11.335
2025-04-07 01:25:18,141 - matplotlib.font_manager - DEBUG - findfont: score(FontEntry(fname='/home/vijji/miniconda3/envs/fib_cycles/lib/python3.9/site-packages/matplotlib/mpl-data/fonts/ttf/STIXSizTwoSymReg.ttf', name='STIXSizeTwoSym', style='normal', variant='normal', weight=400, stretch='normal', size='scalable')) = 10.05
2025-04-07 01:25:18,141 - matplotlib.font_manager - DEBUG - findfont: score(FontEntry(fname='/home/vijji/miniconda3/envs/fib_cycles/lib/python3.9/site-packages/matplotlib/mpl-data/fonts/ttf/DejaVuSansDisplay.ttf', name='DejaVu Sans Display', style='normal', variant='normal', weight=400, stretch='normal', size='scalable')) = 10.05
2025-04-07 01:25:18,141 - matplotlib.font_manager - DEBUG - findfont: score(FontEntry(fname='/home/vijji/miniconda3/envs/fib_cycles/lib/python3.9/site-packages/matplotlib/mpl-data/fonts/ttf/cmtt10.ttf', name='cmtt10', style='normal', variant='normal', weight=400, stretch='normal', size='scalable')) = 10.05
2025-04-07 01:25:18,141 - matplotlib.font_manager - DEBUG - findfont: score(FontEntry(fname='/home/vijji/miniconda3/envs/fib_cycles/lib/python3.9/site-packages/matplotlib/mpl-data/fonts/ttf/STIXSizTwoSymBol.ttf', name='STIXSizeTwoSym', style='normal', variant='normal', weight=700, stretch='normal', size='scalable')) = 10.335
2025-04-07 01:25:18,141 - matplotlib.font_manager - DEBUG - findfont: score(FontEntry(fname='/home/vijji/miniconda3/envs/fib_cycles/lib/python3.9/site-packages/matplotlib/mpl-data/fonts/ttf/DejaVuSansMono-BoldOblique.ttf', name='DejaVu Sans Mono', style='oblique', variant='normal', weight=700, stretch='normal', size='scalable')) = 11.335
2025-04-07 01:25:18,141 - matplotlib.font_manager - DEBUG - findfont: score(FontEntry(fname='/home/vijji/miniconda3/envs/fib_cycles/lib/python3.9/site-packages/matplotlib/mpl-data/fonts/ttf/STIXSizThreeSymBol.ttf', name='STIXSizeThreeSym', style='normal', variant='normal', weight=700, stretch='normal', size='scalable')) = 10.335
2025-04-07 01:25:18,141 - matplotlib.font_manager - DEBUG - findfont: score(FontEntry(fname='/home/vijji/miniconda3/envs/fib_cycles/lib/python3.9/site-packages/matplotlib/mpl-data/fonts/ttf/cmsy10.ttf', name='cmsy10', style='normal', variant='normal', weight=400, stretch='normal', size='scalable')) = 10.05
2025-04-07 01:25:18,141 - matplotlib.font_manager - DEBUG - findfont: score(FontEntry(fname='/home/vijji/miniconda3/envs/fib_cycles/lib/python3.9/site-packages/matplotlib/mpl-data/fonts/ttf/DejaVuSerif.ttf', name='DejaVu Serif', style='normal', variant='normal', weight=400, stretch='normal', size='scalable')) = 10.05
2025-04-07 01:25:18,141 - matplotlib.font_manager - DEBUG - findfont: score(FontEntry(fname='/home/vijji/miniconda3/envs/fib_cycles/lib/python3.9/site-packages/matplotlib/mpl-data/fonts/ttf/STIXSizOneSymReg.ttf', name='STIXSizeOneSym', style='normal', variant='normal', weight=400, stretch='normal', size='scalable')) = 10.05
2025-04-07 01:25:18,142 - matplotlib.font_manager - DEBUG - findfont: score(FontEntry(fname='/home/vijji/miniconda3/envs/fib_cycles/lib/python3.9/site-packages/matplotlib/mpl-data/fonts/ttf/DejaVuSerif-Italic.ttf', name='DejaVu Serif', style='italic', variant='normal', weight=400, stretch='normal', size='scalable')) = 11.05
2025-04-07 01:25:18,142 - matplotlib.font_manager - DEBUG - findfont: score(FontEntry(fname='/usr/share/fonts/truetype/ubuntu/Ubuntu-Th.ttf', name='Ubuntu', style='normal', variant='normal', weight=400, stretch='normal', size='scalable')) = 10.05
2025-04-07 01:25:18,142 - matplotlib.font_manager - DEBUG - findfont: score(FontEntry(fname='/usr/share/fonts/truetype/dejavu/DejaVuSerif-Bold.ttf', name='DejaVu Serif', style='normal', variant='normal', weight=700, stretch='normal', size='scalable')) = 10.335
2025-04-07 01:25:18,142 - matplotlib.font_manager - DEBUG - findfont: score(FontEntry(fname='/usr/share/fonts/truetype/dejavu/DejaVuSans-Bold.ttf', name='DejaVu Sans', style='normal', variant='normal', weight=700, stretch='normal', size='scalable')) = 0.33499999999999996
2025-04-07 01:25:18,142 - matplotlib.font_manager - DEBUG - findfont: score(FontEntry(fname='/usr/share/fonts/truetype/ubuntu/Ubuntu-LI.ttf', name='Ubuntu', style='italic', variant='normal', weight=400, stretch='normal', size='scalable')) = 11.05
2025-04-07 01:25:18,142 - matplotlib.font_manager - DEBUG - findfont: score(FontEntry(fname='/usr/share/fonts/truetype/ubuntu/Ubuntu-RI.ttf', name='Ubuntu', style='italic', variant='normal', weight=400, stretch='normal', size='scalable')) = 11.05
2025-04-07 01:25:18,142 - matplotlib.font_manager - DEBUG - findfont: score(FontEntry(fname='/usr/share/fonts/truetype/ubuntu/UbuntuSansMono[wght].ttf', name='Ubuntu Sans Mono', style='normal', variant='normal', weight=400, stretch='normal', size='scalable')) = 10.05
2025-04-07 01:25:18,142 - matplotlib.font_manager - DEBUG - findfont: score(FontEntry(fname='/usr/share/fonts/truetype/ubuntu/UbuntuMono[wght].ttf', name='Ubuntu Mono', style='normal', variant='normal', weight=400, stretch='normal', size='scalable')) = 10.05
2025-04-07 01:25:18,142 - matplotlib.font_manager - DEBUG - findfont: score(FontEntry(fname='/usr/share/fonts/truetype/ubuntu/Ubuntu-R.ttf', name='Ubuntu', style='normal', variant='normal', weight=400, stretch='normal', size='scalable')) = 10.05
2025-04-07 01:25:18,142 - matplotlib.font_manager - DEBUG - findfont: score(FontEntry(fname='/usr/share/fonts/truetype/dejavu/DejaVuSans.ttf', name='DejaVu Sans', style='normal', variant='normal', weight=400, stretch='normal', size='scalable')) = 0.05
2025-04-07 01:25:18,142 - matplotlib.font_manager - DEBUG - findfont: score(FontEntry(fname='/usr/share/fonts/truetype/ubuntu/UbuntuSansMono-Italic[wght].ttf', name='Ubuntu Sans Mono', style='italic', variant='normal', weight=400, stretch='normal', size='scalable')) = 11.05
2025-04-07 01:25:18,142 - matplotlib.font_manager - DEBUG - findfont: score(FontEntry(fname='/usr/share/fonts/truetype/dejavu/DejaVuSansMono.ttf', name='DejaVu Sans Mono', style='normal', variant='normal', weight=400, stretch='normal', size='scalable')) = 10.05
2025-04-07 01:25:18,142 - matplotlib.font_manager - DEBUG - findfont: score(FontEntry(fname='/usr/share/fonts/truetype/ubuntu/UbuntuMono-RI.ttf', name='Ubuntu Mono', style='italic', variant='normal', weight=400, stretch='normal', size='scalable')) = 11.05
2025-04-07 01:25:18,142 - matplotlib.font_manager - DEBUG - findfont: score(FontEntry(fname='/usr/share/fonts/truetype/ubuntu/UbuntuMono-BI.ttf', name='Ubuntu Mono', style='italic', variant='normal', weight=400, stretch='normal', size='scalable')) = 11.05
2025-04-07 01:25:18,142 - matplotlib.font_manager - DEBUG - findfont: score(FontEntry(fname='/usr/share/fonts/truetype/dejavu/DejaVuSansMono-Bold.ttf', name='DejaVu Sans Mono', style='normal', variant='normal', weight=700, stretch='normal', size='scalable')) = 10.335
2025-04-07 01:25:18,142 - matplotlib.font_manager - DEBUG - findfont: score(FontEntry(fname='/usr/share/fonts/truetype/ubuntu/Ubuntu-B.ttf', name='Ubuntu', style='normal', variant='normal', weight=400, stretch='normal', size='scalable')) = 10.05
2025-04-07 01:25:18,142 - matplotlib.font_manager - DEBUG - findfont: score(FontEntry(fname='/usr/share/fonts/truetype/ubuntu/UbuntuMono-B.ttf', name='Ubuntu Mono', style='normal', variant='normal', weight=400, stretch='normal', size='scalable')) = 10.05
2025-04-07 01:25:18,143 - matplotlib.font_manager - DEBUG - findfont: score(FontEntry(fname='/usr/share/fonts/truetype/dejavu/DejaVuSansMono-Oblique.ttf', name='DejaVu Sans Mono', style='oblique', variant='normal', weight=400, stretch='normal', size='scalable')) = 11.05
2025-04-07 01:25:18,143 - matplotlib.font_manager - DEBUG - findfont: score(FontEntry(fname='/usr/share/fonts/truetype/ubuntu/UbuntuMono-Italic[wght].ttf', name='Ubuntu Mono', style='italic', variant='normal', weight=400, stretch='normal', size='scalable')) = 11.05
2025-04-07 01:25:18,143 - matplotlib.font_manager - DEBUG - findfont: score(FontEntry(fname='/usr/share/fonts/truetype/ubuntu/UbuntuMono-R.ttf', name='Ubuntu Mono', style='normal', variant='normal', weight=400, stretch='normal', size='scalable')) = 10.05
2025-04-07 01:25:18,143 - matplotlib.font_manager - DEBUG - findfont: score(FontEntry(fname='/usr/share/fonts/truetype/ubuntu/Ubuntu[wdth,wght].ttf', name='Ubuntu', style='normal', variant='normal', weight=400, stretch='normal', size='scalable')) = 10.05
2025-04-07 01:25:18,143 - matplotlib.font_manager - DEBUG - findfont: score(FontEntry(fname='/usr/share/fonts/truetype/ubuntu/Ubuntu-C.ttf', name='Ubuntu', style='normal', variant='normal', weight=400, stretch='normal', size='scalable')) = 10.05
2025-04-07 01:25:18,143 - matplotlib.font_manager - DEBUG - findfont: score(FontEntry(fname='/usr/share/fonts/truetype/ubuntu/Ubuntu-Italic[wdth,wght].ttf', name='Ubuntu', style='italic', variant='normal', weight=400, stretch='normal', size='scalable')) = 11.05
2025-04-07 01:25:18,143 - matplotlib.font_manager - DEBUG - findfont: score(FontEntry(fname='/usr/share/fonts/truetype/ubuntu/UbuntuSans[wdth,wght].ttf', name='Ubuntu Sans', style='normal', variant='normal', weight=400, stretch='normal', size='scalable')) = 10.05
2025-04-07 01:25:18,143 - matplotlib.font_manager - DEBUG - findfont: score(FontEntry(fname='/usr/share/fonts/truetype/ubuntu/Ubuntu-BI.ttf', name='Ubuntu', style='italic', variant='normal', weight=400, stretch='normal', size='scalable')) = 11.05
2025-04-07 01:25:18,143 - matplotlib.font_manager - DEBUG - findfont: score(FontEntry(fname='/usr/share/fonts/truetype/ubuntu/UbuntuSans-Italic[wdth,wght].ttf', name='Ubuntu Sans', style='italic', variant='normal', weight=400, stretch='normal', size='scalable')) = 11.05
2025-04-07 01:25:18,144 - matplotlib.font_manager - DEBUG - findfont: score(FontEntry(fname='/usr/share/fonts/truetype/dejavu/DejaVuSansMono-BoldOblique.ttf', name='DejaVu Sans Mono', style='oblique', variant='normal', weight=700, stretch='normal', size='scalable')) = 11.335
2025-04-07 01:25:18,144 - matplotlib.font_manager - DEBUG - findfont: score(FontEntry(fname='/usr/share/fonts/truetype/ubuntu/Ubuntu-L.ttf', name='Ubuntu', style='normal', variant='normal', weight=400, stretch='normal', size='scalable')) = 10.05
2025-04-07 01:25:18,144 - matplotlib.font_manager - DEBUG - findfont: score(FontEntry(fname='/usr/share/fonts/truetype/dejavu/DejaVuSerif.ttf', name='DejaVu Serif', style='normal', variant='normal', weight=400, stretch='normal', size='scalable')) = 10.05
2025-04-07 01:25:18,144 - matplotlib.font_manager - DEBUG - findfont: score(FontEntry(fname='/usr/share/fonts/truetype/ubuntu/Ubuntu-MI.ttf', name='Ubuntu', style='italic', variant='normal', weight=400, stretch='normal', size='scalable')) = 11.05
2025-04-07 01:25:18,144 - matplotlib.font_manager - DEBUG - findfont: score(FontEntry(fname='/usr/share/fonts/truetype/ubuntu/Ubuntu-M.ttf', name='Ubuntu', style='normal', variant='normal', weight=400, stretch='normal', size='scalable')) = 10.05
2025-04-07 01:25:18,144 - matplotlib.font_manager - DEBUG - findfont: Matching sans\-serif:style=normal:variant=normal:weight=normal:stretch=normal:size=14.0 to DejaVu Sans ('/home/vijji/miniconda3/envs/fib_cycles/lib/python3.9/site-packages/matplotlib/mpl-data/fonts/ttf/DejaVuSans.ttf') with score of 0.050000.
2025-04-07 01:25:18,177 - matplotlib.font_manager - DEBUG - findfont: Matching sans\-serif:style=normal:variant=normal:weight=normal:stretch=normal:size=11.0.
2025-04-07 01:25:18,178 - matplotlib.font_manager - DEBUG - findfont: score(FontEntry(fname='/home/vijji/miniconda3/envs/fib_cycles/lib/python3.9/site-packages/matplotlib/mpl-data/fonts/ttf/DejaVuSansMono.ttf', name='DejaVu Sans Mono', style='normal', variant='normal', weight=400, stretch='normal', size='scalable')) = 10.05
2025-04-07 01:25:18,178 - matplotlib.font_manager - DEBUG - findfont: score(FontEntry(fname='/home/vijji/miniconda3/envs/fib_cycles/lib/python3.9/site-packages/matplotlib/mpl-data/fonts/ttf/DejaVuSerif-Bold.ttf', name='DejaVu Serif', style='normal', variant='normal', weight=700, stretch='normal', size='scalable')) = 10.335
2025-04-07 01:25:18,178 - matplotlib.font_manager - DEBUG - findfont: score(FontEntry(fname='/home/vijji/miniconda3/envs/fib_cycles/lib/python3.9/site-packages/matplotlib/mpl-data/fonts/ttf/STIXSizFiveSymReg.ttf', name='STIXSizeFiveSym', style='normal', variant='normal', weight=400, stretch='normal', size='scalable')) = 10.05
2025-04-07 01:25:18,178 - matplotlib.font_manager - DEBUG - findfont: score(FontEntry(fname='/home/vijji/miniconda3/envs/fib_cycles/lib/python3.9/site-packages/matplotlib/mpl-data/fonts/ttf/STIXNonUni.ttf', name='STIXNonUnicode', style='normal', variant='normal', weight=400, stretch='normal', size='scalable')) = 10.05
2025-04-07 01:25:18,178 - matplotlib.font_manager - DEBUG - findfont: score(FontEntry(fname='/home/vijji/miniconda3/envs/fib_cycles/lib/python3.9/site-packages/matplotlib/mpl-data/fonts/ttf/cmr10.ttf', name='cmr10', style='normal', variant='normal', weight=400, stretch='normal', size='scalable')) = 10.05
2025-04-07 01:25:18,178 - matplotlib.font_manager - DEBUG - findfont: score(FontEntry(fname='/home/vijji/miniconda3/envs/fib_cycles/lib/python3.9/site-packages/matplotlib/mpl-data/fonts/ttf/cmmi10.ttf', name='cmmi10', style='normal', variant='normal', weight=400, stretch='normal', size='scalable')) = 10.05
2025-04-07 01:25:18,179 - matplotlib.font_manager - DEBUG - findfont: score(FontEntry(fname='/home/vijji/miniconda3/envs/fib_cycles/lib/python3.9/site-packages/matplotlib/mpl-data/fonts/ttf/DejaVuSerifDisplay.ttf', name='DejaVu Serif Display', style='normal', variant='normal', weight=400, stretch='normal', size='scalable')) = 10.05
2025-04-07 01:25:18,179 - matplotlib.font_manager - DEBUG - findfont: score(FontEntry(fname='/home/vijji/miniconda3/envs/fib_cycles/lib/python3.9/site-packages/matplotlib/mpl-data/fonts/ttf/DejaVuSerif-BoldItalic.ttf', name='DejaVu Serif', style='italic', variant='normal', weight=700, stretch='normal', size='scalable')) = 11.335
2025-04-07 01:25:18,179 - matplotlib.font_manager - DEBUG - findfont: score(FontEntry(fname='/home/vijji/miniconda3/envs/fib_cycles/lib/python3.9/site-packages/matplotlib/mpl-data/fonts/ttf/cmex10.ttf', name='cmex10', style='normal', variant='normal', weight=400, stretch='normal', size='scalable')) = 10.05
2025-04-07 01:25:18,179 - matplotlib.font_manager - DEBUG - findfont: score(FontEntry(fname='/home/vijji/miniconda3/envs/fib_cycles/lib/python3.9/site-packages/matplotlib/mpl-data/fonts/ttf/STIXSizThreeSymReg.ttf', name='STIXSizeThreeSym', style='normal', variant='normal', weight=400, stretch='normal', size='scalable')) = 10.05
2025-04-07 01:25:18,179 - matplotlib.font_manager - DEBUG - findfont: score(FontEntry(fname='/home/vijji/miniconda3/envs/fib_cycles/lib/python3.9/site-packages/matplotlib/mpl-data/fonts/ttf/STIXSizFourSymBol.ttf', name='STIXSizeFourSym', style='normal', variant='normal', weight=700, stretch='normal', size='scalable')) = 10.335
2025-04-07 01:25:18,179 - matplotlib.font_manager - DEBUG - findfont: score(FontEntry(fname='/home/vijji/miniconda3/envs/fib_cycles/lib/python3.9/site-packages/matplotlib/mpl-data/fonts/ttf/STIXGeneral.ttf', name='STIXGeneral', style='normal', variant='normal', weight=400, stretch='normal', size='scalable')) = 10.05
2025-04-07 01:25:18,179 - matplotlib.font_manager - DEBUG - findfont: score(FontEntry(fname='/home/vijji/miniconda3/envs/fib_cycles/lib/python3.9/site-packages/matplotlib/mpl-data/fonts/ttf/DejaVuSans-Bold.ttf', name='DejaVu Sans', style='normal', variant='normal', weight=700, stretch='normal', size='scalable')) = 0.33499999999999996
2025-04-07 01:25:18,179 - matplotlib.font_manager - DEBUG - findfont: score(FontEntry(fname='/home/vijji/miniconda3/envs/fib_cycles/lib/python3.9/site-packages/matplotlib/mpl-data/fonts/ttf/DejaVuSans.ttf', name='DejaVu Sans', style='normal', variant='normal', weight=400, stretch='normal', size='scalable')) = 0.05
2025-04-07 01:25:18,179 - matplotlib.font_manager - DEBUG - findfont: score(FontEntry(fname='/home/vijji/miniconda3/envs/fib_cycles/lib/python3.9/site-packages/matplotlib/mpl-data/fonts/ttf/STIXSizOneSymBol.ttf', name='STIXSizeOneSym', style='normal', variant='normal', weight=700, stretch='normal', size='scalable')) = 10.335
2025-04-07 01:25:18,179 - matplotlib.font_manager - DEBUG - findfont: score(FontEntry(fname='/home/vijji/miniconda3/envs/fib_cycles/lib/python3.9/site-packages/matplotlib/mpl-data/fonts/ttf/STIXNonUniIta.ttf', name='STIXNonUnicode', style='italic', variant='normal', weight=400, stretch='normal', size='scalable')) = 11.05
2025-04-07 01:25:18,179 - matplotlib.font_manager - DEBUG - findfont: score(FontEntry(fname='/home/vijji/miniconda3/envs/fib_cycles/lib/python3.9/site-packages/matplotlib/mpl-data/fonts/ttf/STIXSizFourSymReg.ttf', name='STIXSizeFourSym', style='normal', variant='normal', weight=400, stretch='normal', size='scalable')) = 10.05
2025-04-07 01:25:18,179 - matplotlib.font_manager - DEBUG - findfont: score(FontEntry(fname='/home/vijji/miniconda3/envs/fib_cycles/lib/python3.9/site-packages/matplotlib/mpl-data/fonts/ttf/STIXGeneralItalic.ttf', name='STIXGeneral', style='italic', variant='normal', weight=400, stretch='normal', size='scalable')) = 11.05
2025-04-07 01:25:18,180 - matplotlib.font_manager - DEBUG - findfont: score(FontEntry(fname='/home/vijji/miniconda3/envs/fib_cycles/lib/python3.9/site-packages/matplotlib/mpl-data/fonts/ttf/cmb10.ttf', name='cmb10', style='normal', variant='normal', weight=400, stretch='normal', size='scalable')) = 10.05
2025-04-07 01:25:18,180 - matplotlib.font_manager - DEBUG - findfont: score(FontEntry(fname='/home/vijji/miniconda3/envs/fib_cycles/lib/python3.9/site-packages/matplotlib/mpl-data/fonts/ttf/DejaVuSansMono-Oblique.ttf', name='DejaVu Sans Mono', style='oblique', variant='normal', weight=400, stretch='normal', size='scalable')) = 11.05
2025-04-07 01:25:18,180 - matplotlib.font_manager - DEBUG - findfont: score(FontEntry(fname='/home/vijji/miniconda3/envs/fib_cycles/lib/python3.9/site-packages/matplotlib/mpl-data/fonts/ttf/DejaVuSans-BoldOblique.ttf', name='DejaVu Sans', style='oblique', variant='normal', weight=700, stretch='normal', size='scalable')) = 1.335
2025-04-07 01:25:18,180 - matplotlib.font_manager - DEBUG - findfont: score(FontEntry(fname='/home/vijji/miniconda3/envs/fib_cycles/lib/python3.9/site-packages/matplotlib/mpl-data/fonts/ttf/DejaVuSans-Oblique.ttf', name='DejaVu Sans', style='oblique', variant='normal', weight=400, stretch='normal', size='scalable')) = 1.05
2025-04-07 01:25:18,180 - matplotlib.font_manager - DEBUG - findfont: score(FontEntry(fname='/home/vijji/miniconda3/envs/fib_cycles/lib/python3.9/site-packages/matplotlib/mpl-data/fonts/ttf/cmss10.ttf', name='cmss10', style='normal', variant='normal', weight=400, stretch='normal', size='scalable')) = 10.05
2025-04-07 01:25:18,180 - matplotlib.font_manager - DEBUG - findfont: score(FontEntry(fname='/home/vijji/miniconda3/envs/fib_cycles/lib/python3.9/site-packages/matplotlib/mpl-data/fonts/ttf/STIXGeneralBol.ttf', name='STIXGeneral', style='normal', variant='normal', weight=700, stretch='normal', size='scalable')) = 10.335
2025-04-07 01:25:18,180 - matplotlib.font_manager - DEBUG - findfont: score(FontEntry(fname='/home/vijji/miniconda3/envs/fib_cycles/lib/python3.9/site-packages/matplotlib/mpl-data/fonts/ttf/DejaVuSansMono-Bold.ttf', name='DejaVu Sans Mono', style='normal', variant='normal', weight=700, stretch='normal', size='scalable')) = 10.335
2025-04-07 01:25:18,180 - matplotlib.font_manager - DEBUG - findfont: score(FontEntry(fname='/home/vijji/miniconda3/envs/fib_cycles/lib/python3.9/site-packages/matplotlib/mpl-data/fonts/ttf/STIXGeneralBolIta.ttf', name='STIXGeneral', style='italic', variant='normal', weight=700, stretch='normal', size='scalable')) = 11.335
2025-04-07 01:25:18,180 - matplotlib.font_manager - DEBUG - findfont: score(FontEntry(fname='/home/vijji/miniconda3/envs/fib_cycles/lib/python3.9/site-packages/matplotlib/mpl-data/fonts/ttf/STIXNonUniBol.ttf', name='STIXNonUnicode', style='normal', variant='normal', weight=700, stretch='normal', size='scalable')) = 10.335
2025-04-07 01:25:18,180 - matplotlib.font_manager - DEBUG - findfont: score(FontEntry(fname='/home/vijji/miniconda3/envs/fib_cycles/lib/python3.9/site-packages/matplotlib/mpl-data/fonts/ttf/STIXNonUniBolIta.ttf', name='STIXNonUnicode', style='italic', variant='normal', weight=700, stretch='normal', size='scalable')) = 11.335
2025-04-07 01:25:18,180 - matplotlib.font_manager - DEBUG - findfont: score(FontEntry(fname='/home/vijji/miniconda3/envs/fib_cycles/lib/python3.9/site-packages/matplotlib/mpl-data/fonts/ttf/STIXSizTwoSymReg.ttf', name='STIXSizeTwoSym', style='normal', variant='normal', weight=400, stretch='normal', size='scalable')) = 10.05
2025-04-07 01:25:18,181 - matplotlib.font_manager - DEBUG - findfont: score(FontEntry(fname='/home/vijji/miniconda3/envs/fib_cycles/lib/python3.9/site-packages/matplotlib/mpl-data/fonts/ttf/DejaVuSansDisplay.ttf', name='DejaVu Sans Display', style='normal', variant='normal', weight=400, stretch='normal', size='scalable')) = 10.05
2025-04-07 01:25:18,181 - matplotlib.font_manager - DEBUG - findfont: score(FontEntry(fname='/home/vijji/miniconda3/envs/fib_cycles/lib/python3.9/site-packages/matplotlib/mpl-data/fonts/ttf/cmtt10.ttf', name='cmtt10', style='normal', variant='normal', weight=400, stretch='normal', size='scalable')) = 10.05
2025-04-07 01:25:18,181 - matplotlib.font_manager - DEBUG - findfont: score(FontEntry(fname='/home/vijji/miniconda3/envs/fib_cycles/lib/python3.9/site-packages/matplotlib/mpl-data/fonts/ttf/STIXSizTwoSymBol.ttf', name='STIXSizeTwoSym', style='normal', variant='normal', weight=700, stretch='normal', size='scalable')) = 10.335
2025-04-07 01:25:18,181 - matplotlib.font_manager - DEBUG - findfont: score(FontEntry(fname='/home/vijji/miniconda3/envs/fib_cycles/lib/python3.9/site-packages/matplotlib/mpl-data/fonts/ttf/DejaVuSansMono-BoldOblique.ttf', name='DejaVu Sans Mono', style='oblique', variant='normal', weight=700, stretch='normal', size='scalable')) = 11.335
2025-04-07 01:25:18,181 - matplotlib.font_manager - DEBUG - findfont: score(FontEntry(fname='/home/vijji/miniconda3/envs/fib_cycles/lib/python3.9/site-packages/matplotlib/mpl-data/fonts/ttf/STIXSizThreeSymBol.ttf', name='STIXSizeThreeSym', style='normal', variant='normal', weight=700, stretch='normal', size='scalable')) = 10.335
2025-04-07 01:25:18,181 - matplotlib.font_manager - DEBUG - findfont: score(FontEntry(fname='/home/vijji/miniconda3/envs/fib_cycles/lib/python3.9/site-packages/matplotlib/mpl-data/fonts/ttf/cmsy10.ttf', name='cmsy10', style='normal', variant='normal', weight=400, stretch='normal', size='scalable')) = 10.05
2025-04-07 01:25:18,181 - matplotlib.font_manager - DEBUG - findfont: score(FontEntry(fname='/home/vijji/miniconda3/envs/fib_cycles/lib/python3.9/site-packages/matplotlib/mpl-data/fonts/ttf/DejaVuSerif.ttf', name='DejaVu Serif', style='normal', variant='normal', weight=400, stretch='normal', size='scalable')) = 10.05
2025-04-07 01:25:18,181 - matplotlib.font_manager - DEBUG - findfont: score(FontEntry(fname='/home/vijji/miniconda3/envs/fib_cycles/lib/python3.9/site-packages/matplotlib/mpl-data/fonts/ttf/STIXSizOneSymReg.ttf', name='STIXSizeOneSym', style='normal', variant='normal', weight=400, stretch='normal', size='scalable')) = 10.05
2025-04-07 01:25:18,181 - matplotlib.font_manager - DEBUG - findfont: score(FontEntry(fname='/home/vijji/miniconda3/envs/fib_cycles/lib/python3.9/site-packages/matplotlib/mpl-data/fonts/ttf/DejaVuSerif-Italic.ttf', name='DejaVu Serif', style='italic', variant='normal', weight=400, stretch='normal', size='scalable')) = 11.05
2025-04-07 01:25:18,181 - matplotlib.font_manager - DEBUG - findfont: score(FontEntry(fname='/usr/share/fonts/truetype/ubuntu/Ubuntu-Th.ttf', name='Ubuntu', style='normal', variant='normal', weight=400, stretch='normal', size='scalable')) = 10.05
2025-04-07 01:25:18,181 - matplotlib.font_manager - DEBUG - findfont: score(FontEntry(fname='/usr/share/fonts/truetype/dejavu/DejaVuSerif-Bold.ttf', name='DejaVu Serif', style='normal', variant='normal', weight=700, stretch='normal', size='scalable')) = 10.335
2025-04-07 01:25:18,181 - matplotlib.font_manager - DEBUG - findfont: score(FontEntry(fname='/usr/share/fonts/truetype/dejavu/DejaVuSans-Bold.ttf', name='DejaVu Sans', style='normal', variant='normal', weight=700, stretch='normal', size='scalable')) = 0.33499999999999996
2025-04-07 01:25:18,182 - matplotlib.font_manager - DEBUG - findfont: score(FontEntry(fname='/usr/share/fonts/truetype/ubuntu/Ubuntu-LI.ttf', name='Ubuntu', style='italic', variant='normal', weight=400, stretch='normal', size='scalable')) = 11.05
2025-04-07 01:25:18,182 - matplotlib.font_manager - DEBUG - findfont: score(FontEntry(fname='/usr/share/fonts/truetype/ubuntu/Ubuntu-RI.ttf', name='Ubuntu', style='italic', variant='normal', weight=400, stretch='normal', size='scalable')) = 11.05
2025-04-07 01:25:18,182 - matplotlib.font_manager - DEBUG - findfont: score(FontEntry(fname='/usr/share/fonts/truetype/ubuntu/UbuntuSansMono[wght].ttf', name='Ubuntu Sans Mono', style='normal', variant='normal', weight=400, stretch='normal', size='scalable')) = 10.05
2025-04-07 01:25:18,182 - matplotlib.font_manager - DEBUG - findfont: score(FontEntry(fname='/usr/share/fonts/truetype/ubuntu/UbuntuMono[wght].ttf', name='Ubuntu Mono', style='normal', variant='normal', weight=400, stretch='normal', size='scalable')) = 10.05
2025-04-07 01:25:18,182 - matplotlib.font_manager - DEBUG - findfont: score(FontEntry(fname='/usr/share/fonts/truetype/ubuntu/Ubuntu-R.ttf', name='Ubuntu', style='normal', variant='normal', weight=400, stretch='normal', size='scalable')) = 10.05
2025-04-07 01:25:18,182 - matplotlib.font_manager - DEBUG - findfont: score(FontEntry(fname='/usr/share/fonts/truetype/dejavu/DejaVuSans.ttf', name='DejaVu Sans', style='normal', variant='normal', weight=400, stretch='normal', size='scalable')) = 0.05
2025-04-07 01:25:18,182 - matplotlib.font_manager - DEBUG - findfont: score(FontEntry(fname='/usr/share/fonts/truetype/ubuntu/UbuntuSansMono-Italic[wght].ttf', name='Ubuntu Sans Mono', style='italic', variant='normal', weight=400, stretch='normal', size='scalable')) = 11.05
2025-04-07 01:25:18,182 - matplotlib.font_manager - DEBUG - findfont: score(FontEntry(fname='/usr/share/fonts/truetype/dejavu/DejaVuSansMono.ttf', name='DejaVu Sans Mono', style='normal', variant='normal', weight=400, stretch='normal', size='scalable')) = 10.05
2025-04-07 01:25:18,182 - matplotlib.font_manager - DEBUG - findfont: score(FontEntry(fname='/usr/share/fonts/truetype/ubuntu/UbuntuMono-RI.ttf', name='Ubuntu Mono', style='italic', variant='normal', weight=400, stretch='normal', size='scalable')) = 11.05
2025-04-07 01:25:18,182 - matplotlib.font_manager - DEBUG - findfont: score(FontEntry(fname='/usr/share/fonts/truetype/ubuntu/UbuntuMono-BI.ttf', name='Ubuntu Mono', style='italic', variant='normal', weight=400, stretch='normal', size='scalable')) = 11.05
2025-04-07 01:25:18,182 - matplotlib.font_manager - DEBUG - findfont: score(FontEntry(fname='/usr/share/fonts/truetype/dejavu/DejaVuSansMono-Bold.ttf', name='DejaVu Sans Mono', style='normal', variant='normal', weight=700, stretch='normal', size='scalable')) = 10.335
2025-04-07 01:25:18,182 - matplotlib.font_manager - DEBUG - findfont: score(FontEntry(fname='/usr/share/fonts/truetype/ubuntu/Ubuntu-B.ttf', name='Ubuntu', style='normal', variant='normal', weight=400, stretch='normal', size='scalable')) = 10.05
2025-04-07 01:25:18,183 - matplotlib.font_manager - DEBUG - findfont: score(FontEntry(fname='/usr/share/fonts/truetype/ubuntu/UbuntuMono-B.ttf', name='Ubuntu Mono', style='normal', variant='normal', weight=400, stretch='normal', size='scalable')) = 10.05
2025-04-07 01:25:18,183 - matplotlib.font_manager - DEBUG - findfont: score(FontEntry(fname='/usr/share/fonts/truetype/dejavu/DejaVuSansMono-Oblique.ttf', name='DejaVu Sans Mono', style='oblique', variant='normal', weight=400, stretch='normal', size='scalable')) = 11.05
2025-04-07 01:25:18,183 - matplotlib.font_manager - DEBUG - findfont: score(FontEntry(fname='/usr/share/fonts/truetype/ubuntu/UbuntuMono-Italic[wght].ttf', name='Ubuntu Mono', style='italic', variant='normal', weight=400, stretch='normal', size='scalable')) = 11.05
2025-04-07 01:25:18,183 - matplotlib.font_manager - DEBUG - findfont: score(FontEntry(fname='/usr/share/fonts/truetype/ubuntu/UbuntuMono-R.ttf', name='Ubuntu Mono', style='normal', variant='normal', weight=400, stretch='normal', size='scalable')) = 10.05
2025-04-07 01:25:18,183 - matplotlib.font_manager - DEBUG - findfont: score(FontEntry(fname='/usr/share/fonts/truetype/ubuntu/Ubuntu[wdth,wght].ttf', name='Ubuntu', style='normal', variant='normal', weight=400, stretch='normal', size='scalable')) = 10.05
2025-04-07 01:25:18,183 - matplotlib.font_manager - DEBUG - findfont: score(FontEntry(fname='/usr/share/fonts/truetype/ubuntu/Ubuntu-C.ttf', name='Ubuntu', style='normal', variant='normal', weight=400, stretch='normal', size='scalable')) = 10.05
2025-04-07 01:25:18,183 - matplotlib.font_manager - DEBUG - findfont: score(FontEntry(fname='/usr/share/fonts/truetype/ubuntu/Ubuntu-Italic[wdth,wght].ttf', name='Ubuntu', style='italic', variant='normal', weight=400, stretch='normal', size='scalable')) = 11.05
2025-04-07 01:25:18,183 - matplotlib.font_manager - DEBUG - findfont: score(FontEntry(fname='/usr/share/fonts/truetype/ubuntu/UbuntuSans[wdth,wght].ttf', name='Ubuntu Sans', style='normal', variant='normal', weight=400, stretch='normal', size='scalable')) = 10.05
2025-04-07 01:25:18,183 - matplotlib.font_manager - DEBUG - findfont: score(FontEntry(fname='/usr/share/fonts/truetype/ubuntu/Ubuntu-BI.ttf', name='Ubuntu', style='italic', variant='normal', weight=400, stretch='normal', size='scalable')) = 11.05
2025-04-07 01:25:18,183 - matplotlib.font_manager - DEBUG - findfont: score(FontEntry(fname='/usr/share/fonts/truetype/ubuntu/UbuntuSans-Italic[wdth,wght].ttf', name='Ubuntu Sans', style='italic', variant='normal', weight=400, stretch='normal', size='scalable')) = 11.05
2025-04-07 01:25:18,183 - matplotlib.font_manager - DEBUG - findfont: score(FontEntry(fname='/usr/share/fonts/truetype/dejavu/DejaVuSansMono-BoldOblique.ttf', name='DejaVu Sans Mono', style='oblique', variant='normal', weight=700, stretch='normal', size='scalable')) = 11.335
2025-04-07 01:25:18,183 - matplotlib.font_manager - DEBUG - findfont: score(FontEntry(fname='/usr/share/fonts/truetype/ubuntu/Ubuntu-L.ttf', name='Ubuntu', style='normal', variant='normal', weight=400, stretch='normal', size='scalable')) = 10.05
2025-04-07 01:25:18,184 - matplotlib.font_manager - DEBUG - findfont: score(FontEntry(fname='/usr/share/fonts/truetype/dejavu/DejaVuSerif.ttf', name='DejaVu Serif', style='normal', variant='normal', weight=400, stretch='normal', size='scalable')) = 10.05
2025-04-07 01:25:18,184 - matplotlib.font_manager - DEBUG - findfont: score(FontEntry(fname='/usr/share/fonts/truetype/ubuntu/Ubuntu-MI.ttf', name='Ubuntu', style='italic', variant='normal', weight=400, stretch='normal', size='scalable')) = 11.05
2025-04-07 01:25:18,184 - matplotlib.font_manager - DEBUG - findfont: score(FontEntry(fname='/usr/share/fonts/truetype/ubuntu/Ubuntu-M.ttf', name='Ubuntu', style='normal', variant='normal', weight=400, stretch='normal', size='scalable')) = 10.05
2025-04-07 01:25:18,184 - matplotlib.font_manager - DEBUG - findfont: Matching sans\-serif:style=normal:variant=normal:weight=normal:stretch=normal:size=11.0 to DejaVu Sans ('/home/vijji/miniconda3/envs/fib_cycles/lib/python3.9/site-packages/matplotlib/mpl-data/fonts/ttf/DejaVuSans.ttf') with score of 0.050000.
2025-04-07 01:25:18,362 - core.scanner_system - INFO - Analysis completed for NIFTY with signal neutral in 0.30 seconds
2025-04-07 01:25:18,364 - storage.results_repository - INFO - Found existing result for NIFTY/daily: /home/vijji/advanced_fld_cycles/fib_cycles_system/fib_cycles_system/storage/results/json/NIFTY_daily_20250406_081352.json
2025-04-07 01:25:18,364 - storage.results_repository - INFO - Using existing result for NIFTY/daily: /home/vijji/advanced_fld_cycles/fib_cycles_system/fib_cycles_system/storage/results/json/NIFTY_daily_20250406_081352.json
2025-04-07 01:25:18,827 - web.backtest_ui - INFO - Processing stored backtest results: ['results_ready', 'symbol', 'exchange', 'interval', 'start_date', 'end_date', 'placeholder']
2025-04-07 01:25:18,828 - web.backtest_ui - INFO - Using placeholder backtest results UI
2025-04-07 01:25:18,828 - web.backtest_ui - INFO - Backtest results received: placeholder=True, symbol=NIFTY
2025-04-07 01:25:18,828 - web.backtest_ui - INFO - Result keys: ['results_ready', 'symbol', 'exchange', 'interval', 'start_date', 'end_date', 'placeholder']
2025-04-07 01:25:23,521 - web.backtest_ui - INFO - Preparing backtest for NIFTY on NSE
2025-04-07 01:25:23,542 - web.backtest_ui - INFO - Processing stored backtest results: ['results_ready', 'symbol', 'exchange', 'interval', 'start_date', 'end_date', 'placeholder']
2025-04-07 01:25:23,542 - web.backtest_ui - INFO - Using placeholder backtest results UI
2025-04-07 01:25:23,542 - web.backtest_ui - INFO - Backtest results received: placeholder=True, symbol=NIFTY
2025-04-07 01:25:23,542 - web.backtest_ui - INFO - Result keys: ['results_ready', 'symbol', 'exchange', 'interval', 'start_date', 'end_date', 'placeholder']
2025-04-07 01:26:09,494 - main_dashboard - INFO - Generating trading strategies for NIFTY
