2025-04-08 14:20:02,982 - [INFO] - cli - Using centralized logging system
2025-04-08 14:20:02,997 - [INFO] - cli - Starting dashboard mode
2025-04-08 14:20:03,057 - [INFO] - cli - Terminated process 197962
2025-04-08 14:20:04,058 - [INFO] - cli - Terminated existing dashboard processes
2025-04-08 14:20:04,059 - [INFO] - cli - Configuration loaded from /home/vijji/fib_cycles_system_april7/config/config.json
2025-04-08 14:21:08,276 - [INFO] - cli - Using centralized logging system
2025-04-08 14:21:08,281 - [INFO] - cli - Running setup: init
2025-04-08 14:21:08,283 - [INFO] - cli - Removed Python cache: /home/vijji/fib_cycles_system_april7/__pycache__
2025-04-08 14:21:08,287 - [INFO] - cli - Removed Python cache: /home/vijji/fib_cycles_system_april7/web/__pycache__
2025-04-08 14:21:08,290 - [INFO] - cli - Removed Python cache: /home/vijji/fib_cycles_system_april7/models/__pycache__
2025-04-08 14:21:08,292 - [INFO] - cli - Removed Python cache: /home/vijji/fib_cycles_system_april7/utils/__pycache__
2025-04-08 14:21:08,295 - [INFO] - cli - Removed Python cache: /home/vijji/fib_cycles_system_april7/data/__pycache__
2025-04-08 14:21:08,296 - [INFO] - cli - Removed Python cache: /home/vijji/fib_cycles_system_april7/visualization/__pycache__
2025-04-08 14:21:08,300 - [INFO] - cli - Removed Python cache: /home/vijji/fib_cycles_system_april7/core/__pycache__
2025-04-08 14:21:08,302 - [INFO] - cli - Removed Python cache: /home/vijji/fib_cycles_system_april7/storage/__pycache__
2025-04-08 14:21:08,320 - [INFO] - cli - Removed Python cache: /home/vijji/fib_cycles_system_april7/trading/__pycache__
2025-04-08 14:21:08,321 - [INFO] - cli - Removed data cache file: /home/vijji/fib_cycles_system_april7/data/cache/fe8fddbb3e2eaf8bf9e4482fca618e3e.pkl
2025-04-08 14:21:08,321 - [INFO] - cli - Removed data cache file: /home/vijji/fib_cycles_system_april7/data/cache/33ab1fccd025d33a0c701be82cf5cbe0.pkl
2025-04-08 14:21:08,321 - [INFO] - cli - Removed data cache file: /home/vijji/fib_cycles_system_april7/data/cache/da2f9dd2a673d24ec1f76bd24afdb9d5.pkl
2025-04-08 14:21:08,322 - [INFO] - cli - Removed data cache file: /home/vijji/fib_cycles_system_april7/data/cache/f7f795ec021ba64d5b71019f4881ad24.pkl
2025-04-08 14:21:08,322 - [INFO] - cli - Cache cleaning completed
2025-04-08 14:21:19,643 - [INFO] - cli - Using centralized logging system
2025-04-08 14:21:19,648 - [INFO] - cli - Starting dashboard mode
2025-04-08 14:21:19,670 - [INFO] - cli - Terminated process 198010
2025-04-08 14:21:20,671 - [INFO] - cli - Terminated existing dashboard processes
2025-04-08 14:21:20,671 - [INFO] - cli - Configuration loaded from /home/vijji/fib_cycles_system_april7/config/config.json
2025-04-08 14:24:57,156 - [INFO] - cli - Using centralized logging system
2025-04-08 14:24:57,172 - [INFO] - cli - Starting dashboard mode
2025-04-08 14:24:57,195 - [INFO] - cli - Terminated process 198116
2025-04-08 14:24:58,197 - [INFO] - cli - Terminated existing dashboard processes
